###############################################################
#  Generated by:      Cadence Innovus 21.14-s109_1
#  OS:                Linux x86_64(Host ID auto.ece.pdx.edu)
#  Generated on:      Tue Apr  9 22:50:45 2024
#  Design:            fifo1_sram
#  Command:           report_ccopt_skew_groups -summary -file ../reports/fifo1_sram.innovus.postcts.ccopt_skew_groups.rpt
###############################################################

Skew Group Structure:
=====================

--------------------------------------------------------------------------
Skew Group             Sources    Constrained Sinks    Unconstrained Sinks
--------------------------------------------------------------------------
rclk/func_max_sdc         1              52                     0
rclk/func_min_sdc         1              52                     0
wclk/func_max_sdc         1              52                     0
wclk/func_min_sdc         1              52                     0
wclk2x/func_max_sdc       1               8                     0
wclk2x/func_min_sdc       1               8                     0
--------------------------------------------------------------------------

Skew Group Summary:
===================

----------------------------------------------------------------------------------------------------------------------------------------------------------------------------
Timing Corner             Skew Group             ID Target    Min ID    Max ID    Avg ID    Std.Dev. ID    Skew Target Type    Skew Target    Skew     Skew window occupancy
----------------------------------------------------------------------------------------------------------------------------------------------------------------------------
max_corner:setup.early    rclk/func_max_sdc          -        3.315     3.356     3.350        0.007       ignored                  -         0.041              -
                          rclk/func_min_sdc          -        3.315     3.356     3.350        0.007       ignored                  -         0.041              -
                          wclk/func_max_sdc          -        3.512     3.540     3.537        0.004       ignored                  -         0.028              -
                          wclk/func_min_sdc          -        3.512     3.540     3.537        0.004       ignored                  -         0.028              -
                          wclk2x/func_max_sdc        -        3.329     3.337     3.335        0.003       ignored                  -         0.007              -
                          wclk2x/func_min_sdc        -        3.329     3.337     3.335        0.003       ignored                  -         0.007              -
max_corner:setup.late     rclk/func_max_sdc      *0.230       3.319     3.365     3.358        0.008       auto computed        0.090         0.045    100% {3.319, 3.365}
                          rclk/func_min_sdc      none         3.319     3.365     3.358        0.008       auto computed        0.090         0.045    100% {3.319, 3.365}
                          wclk/func_max_sdc      *0.230       3.520     3.550     3.548        0.004       auto computed        0.090         0.030    100% {3.520, 3.550}
                          wclk/func_min_sdc      none         3.520     3.550     3.548        0.004       auto computed        0.090         0.030    100% {3.520, 3.550}
                          wclk2x/func_max_sdc    *0.230       3.336     3.343     3.341        0.003       auto computed        0.090         0.008    100% {3.336, 3.343}
                          wclk2x/func_min_sdc    none         3.336     3.343     3.341        0.003       auto computed        0.090         0.008    100% {3.336, 3.343}
min_corner:hold.early     rclk/func_max_sdc          -        2.335     2.374     2.350        0.008       ignored                  -         0.038              -
                          rclk/func_min_sdc          -        2.335     2.374     2.350        0.008       ignored                  -         0.038              -
                          wclk/func_max_sdc          -        2.391     2.417     2.396        0.008       ignored                  -         0.026              -
                          wclk/func_min_sdc          -        2.391     2.417     2.396        0.008       ignored                  -         0.026              -
                          wclk2x/func_max_sdc        -        2.329     2.336     2.334        0.002       ignored                  -         0.006              -
                          wclk2x/func_min_sdc        -        2.329     2.336     2.334        0.002       ignored                  -         0.006              -
min_corner:hold.late      rclk/func_max_sdc          -        2.336     2.379     2.355        0.009       ignored                  -         0.043              -
                          rclk/func_min_sdc          -        2.336     2.379     2.355        0.009       ignored                  -         0.043              -
                          wclk/func_max_sdc          -        2.396     2.425     2.402        0.008       ignored                  -         0.029              -
                          wclk/func_min_sdc          -        2.396     2.425     2.402        0.008       ignored                  -         0.029              -
                          wclk2x/func_max_sdc        -        2.315     2.322     2.320        0.003       ignored                  -         0.007              -
                          wclk2x/func_min_sdc        -        2.315     2.322     2.320        0.003       ignored                  -         0.007              -
----------------------------------------------------------------------------------------------------------------------------------------------------------------------------

* - indicates that target was not met.

Skew Group Min/Max path pins:
=============================

-------------------------------------------------------------------------------------
Timing Corner             Skew Group             Min ID    PathID    Max ID    PathID
-------------------------------------------------------------------------------------
max_corner:setup.early    rclk/func_max_sdc      3.315       -       3.356       -
-    min fifomem/genblk1_4__U/CE2
-    max fifomem/genblk1_0__U/CE2
                          rclk/func_min_sdc      3.315       -       3.356       -
-    min fifomem/genblk1_4__U/CE2
-    max fifomem/genblk1_0__U/CE2
                          wclk/func_max_sdc      3.512       -       3.540       -
-    min fifomem/genblk1_2__U/CE1
-    max fifomem/genblk1_0__U/CE1
                          wclk/func_min_sdc      3.512       -       3.540       -
-    min fifomem/genblk1_2__U/CE1
-    max fifomem/genblk1_0__U/CE1
                          wclk2x/func_max_sdc    3.329       -       3.337       -
-    min wdata_reg_0_/CLK
-    max wdata_reg_7_/CLK
                          wclk2x/func_min_sdc    3.329       -       3.337       -
-    min wdata_reg_0_/CLK
-    max wdata_reg_7_/CLK
max_corner:setup.late     rclk/func_max_sdc      3.319       -       3.365       -
-    min fifomem/genblk1_4__U/CE2
-    max fifomem/genblk1_0__U/CE2
                          rclk/func_min_sdc      3.319       -       3.365       -
-    min fifomem/genblk1_4__U/CE2
-    max fifomem/genblk1_0__U/CE2
                          wclk/func_max_sdc      3.520       -       3.550       -
-    min fifomem/genblk1_2__U/CE1
-    max fifomem/genblk1_4__U/CE1
                          wclk/func_min_sdc      3.520       -       3.550       -
-    min fifomem/genblk1_2__U/CE1
-    max fifomem/genblk1_4__U/CE1
                          wclk2x/func_max_sdc    3.336       -       3.343       -
-    min wdata_reg_0_/CLK
-    max wdata_reg_7_/CLK
                          wclk2x/func_min_sdc    3.336       -       3.343       -
-    min wdata_reg_0_/CLK
-    max wdata_reg_7_/CLK
min_corner:hold.early     rclk/func_max_sdc      2.335       -       2.374       -
-    min fifomem/genblk1_4__U/CE2
-    max fifomem/genblk1_0__U/CE2
                          rclk/func_min_sdc      2.335       -       2.374       -
-    min fifomem/genblk1_4__U/CE2
-    max fifomem/genblk1_0__U/CE2
                          wclk/func_max_sdc      2.391       -       2.417       -
-    min fifomem/genblk1_2__U/CE1
-    max fifomem/genblk1_0__U/CE1
                          wclk/func_min_sdc      2.391       -       2.417       -
-    min fifomem/genblk1_2__U/CE1
-    max fifomem/genblk1_0__U/CE1
                          wclk2x/func_max_sdc    2.329       -       2.336       -
-    min wdata_reg_0_/CLK
-    max wdata_reg_7_/CLK
                          wclk2x/func_min_sdc    2.329       -       2.336       -
-    min wdata_reg_0_/CLK
-    max wdata_reg_7_/CLK
min_corner:hold.late      rclk/func_max_sdc      2.336       -       2.379       -
-    min fifomem/genblk1_4__U/CE2
-    max fifomem/genblk1_0__U/CE2
                          rclk/func_min_sdc      2.336       -       2.379       -
-    min fifomem/genblk1_4__U/CE2
-    max fifomem/genblk1_0__U/CE2
                          wclk/func_max_sdc      2.396       -       2.425       -
-    min fifomem/genblk1_2__U/CE1
-    max fifomem/genblk1_4__U/CE1
                          wclk/func_min_sdc      2.396       -       2.425       -
-    min fifomem/genblk1_2__U/CE1
-    max fifomem/genblk1_4__U/CE1
                          wclk2x/func_max_sdc    2.315       -       2.322       -
-    min wdata_reg_0_/CLK
-    max wdata_reg_7_/CLK
                          wclk2x/func_min_sdc    2.315       -       2.322       -
-    min wdata_reg_0_/CLK
-    max wdata_reg_7_/CLK
-------------------------------------------------------------------------------------

