###############################################################
#  Generated by:      Cadence Innovus 21.14-s109_1
#  OS:                Linux x86_64(Host ID auto.ece.pdx.edu)
#  Generated on:      Tue Apr  9 22:55:05 2024
#  Design:            fifo1_sram
#  Command:           report_ccopt_skew_groups -summary -file ../reports/fifo1_sram.innovus.route.ccopt_skew_groups.rpt
###############################################################

Skew Group Structure:
=====================

--------------------------------------------------------------------------
Skew Group             Sources    Constrained Sinks    Unconstrained Sinks
--------------------------------------------------------------------------
rclk/func_max_sdc         1              52                     0
rclk/func_min_sdc         1              52                     0
wclk/func_max_sdc         1              52                     0
wclk/func_min_sdc         1              52                     0
wclk2x/func_max_sdc       1               8                     0
wclk2x/func_min_sdc       1               8                     0
--------------------------------------------------------------------------

Skew Group Summary:
===================

----------------------------------------------------------------------------------------------------------------------------------------------------------------------------
Timing Corner             Skew Group             ID Target    Min ID    Max ID    Avg ID    Std.Dev. ID    Skew Target Type    Skew Target    Skew     Skew window occupancy
----------------------------------------------------------------------------------------------------------------------------------------------------------------------------
max_corner:setup.early    rclk/func_max_sdc          -        3.332     3.371     3.365        0.007       ignored                  -         0.039              -
                          rclk/func_min_sdc          -        3.332     3.371     3.365        0.007       ignored                  -         0.039              -
                          wclk/func_max_sdc          -        3.507     3.534     3.532        0.004       ignored                  -         0.027              -
                          wclk/func_min_sdc          -        3.507     3.534     3.532        0.004       ignored                  -         0.027              -
                          wclk2x/func_max_sdc        -        3.345     3.352     3.350        0.003       ignored                  -         0.007              -
                          wclk2x/func_min_sdc        -        3.345     3.352     3.350        0.003       ignored                  -         0.007              -
max_corner:setup.late     rclk/func_max_sdc      *0.230       3.337     3.380     3.374        0.008       auto computed        0.090         0.043    100% {3.337, 3.380}
                          rclk/func_min_sdc      none         3.337     3.380     3.374        0.008       auto computed        0.090         0.043    100% {3.337, 3.380}
                          wclk/func_max_sdc      *0.230       3.518     3.548     3.546        0.004       auto computed        0.090         0.029    100% {3.518, 3.548}
                          wclk/func_min_sdc      none         3.518     3.548     3.546        0.004       auto computed        0.090         0.029    100% {3.518, 3.548}
                          wclk2x/func_max_sdc    *0.230       3.351     3.359     3.357        0.003       auto computed        0.090         0.007    100% {3.351, 3.359}
                          wclk2x/func_min_sdc    none         3.351     3.359     3.357        0.003       auto computed        0.090         0.007    100% {3.351, 3.359}
min_corner:hold.early     rclk/func_max_sdc          -        2.363     2.400     2.377        0.008       ignored                  -         0.037              -
                          rclk/func_min_sdc          -        2.363     2.400     2.377        0.008       ignored                  -         0.037              -
                          wclk/func_max_sdc          -        2.446     2.471     2.450        0.008       ignored                  -         0.026              -
                          wclk/func_min_sdc          -        2.446     2.471     2.450        0.008       ignored                  -         0.026              -
                          wclk2x/func_max_sdc        -        2.342     2.348     2.347        0.002       ignored                  -         0.006              -
                          wclk2x/func_min_sdc        -        2.342     2.348     2.347        0.002       ignored                  -         0.006              -
min_corner:hold.late      rclk/func_max_sdc          -        2.362     2.404     2.380        0.009       ignored                  -         0.042              -
                          rclk/func_min_sdc          -        2.362     2.404     2.380        0.009       ignored                  -         0.042              -
                          wclk/func_max_sdc          -        2.394     2.423     2.401        0.008       ignored                  -         0.029              -
                          wclk/func_min_sdc          -        2.394     2.423     2.401        0.008       ignored                  -         0.029              -
                          wclk2x/func_max_sdc        -        2.328     2.335     2.333        0.002       ignored                  -         0.007              -
                          wclk2x/func_min_sdc        -        2.328     2.335     2.333        0.002       ignored                  -         0.007              -
----------------------------------------------------------------------------------------------------------------------------------------------------------------------------

* - indicates that target was not met.

Skew Group Min/Max path pins:
=============================

-------------------------------------------------------------------------------------
Timing Corner             Skew Group             Min ID    PathID    Max ID    PathID
-------------------------------------------------------------------------------------
max_corner:setup.early    rclk/func_max_sdc      3.332       -       3.371       -
-    min fifomem/genblk1_4__U/CE2
-    max fifomem/genblk1_0__U/CE2
                          rclk/func_min_sdc      3.332       -       3.371       -
-    min fifomem/genblk1_4__U/CE2
-    max fifomem/genblk1_0__U/CE2
                          wclk/func_max_sdc      3.507       -       3.534       -
-    min fifomem/genblk1_2__U/CE1
-    max fifomem/genblk1_0__U/CE1
                          wclk/func_min_sdc      3.507       -       3.534       -
-    min fifomem/genblk1_2__U/CE1
-    max fifomem/genblk1_0__U/CE1
                          wclk2x/func_max_sdc    3.345       -       3.352       -
-    min wdata_reg_0_/CLK
-    max wdata_reg_7_/CLK
                          wclk2x/func_min_sdc    3.345       -       3.352       -
-    min wdata_reg_0_/CLK
-    max wdata_reg_7_/CLK
max_corner:setup.late     rclk/func_max_sdc      3.337       -       3.380       -
-    min fifomem/genblk1_4__U/CE2
-    max fifomem/genblk1_0__U/CE2
                          rclk/func_min_sdc      3.337       -       3.380       -
-    min fifomem/genblk1_4__U/CE2
-    max fifomem/genblk1_0__U/CE2
                          wclk/func_max_sdc      3.518       -       3.548       -
-    min fifomem/genblk1_2__U/CE1
-    max fifomem/genblk1_4__U/CE1
                          wclk/func_min_sdc      3.518       -       3.548       -
-    min fifomem/genblk1_2__U/CE1
-    max fifomem/genblk1_4__U/CE1
                          wclk2x/func_max_sdc    3.351       -       3.359       -
-    min wdata_reg_0_/CLK
-    max wdata_reg_7_/CLK
                          wclk2x/func_min_sdc    3.351       -       3.359       -
-    min wdata_reg_0_/CLK
-    max wdata_reg_7_/CLK
min_corner:hold.early     rclk/func_max_sdc      2.363       -       2.400       -
-    min fifomem/genblk1_4__U/CE2
-    max fifomem/genblk1_0__U/CE2
                          rclk/func_min_sdc      2.363       -       2.400       -
-    min fifomem/genblk1_4__U/CE2
-    max fifomem/genblk1_0__U/CE2
                          wclk/func_max_sdc      2.446       -       2.471       -
-    min fifomem/genblk1_2__U/CE1
-    max fifomem/genblk1_0__U/CE1
                          wclk/func_min_sdc      2.446       -       2.471       -
-    min fifomem/genblk1_2__U/CE1
-    max fifomem/genblk1_0__U/CE1
                          wclk2x/func_max_sdc    2.342       -       2.348       -
-    min wdata_reg_0_/CLK
-    max wdata_reg_7_/CLK
                          wclk2x/func_min_sdc    2.342       -       2.348       -
-    min wdata_reg_0_/CLK
-    max wdata_reg_7_/CLK
min_corner:hold.late      rclk/func_max_sdc      2.362       -       2.404       -
-    min fifomem/genblk1_4__U/CE2
-    max fifomem/genblk1_0__U/CE2
                          rclk/func_min_sdc      2.362       -       2.404       -
-    min fifomem/genblk1_4__U/CE2
-    max fifomem/genblk1_0__U/CE2
                          wclk/func_max_sdc      2.394       -       2.423       -
-    min fifomem/genblk1_2__U/CE1
-    max fifomem/genblk1_4__U/CE1
                          wclk/func_min_sdc      2.394       -       2.423       -
-    min fifomem/genblk1_2__U/CE1
-    max fifomem/genblk1_4__U/CE1
                          wclk2x/func_max_sdc    2.328       -       2.335       -
-    min wdata_reg_0_/CLK
-    max wdata_reg_7_/CLK
                          wclk2x/func_min_sdc    2.328       -       2.335       -
-    min wdata_reg_0_/CLK
-    max wdata_reg_7_/CLK
-------------------------------------------------------------------------------------

