                       OverCon            
                        #Gcell     %Gcell
       Layer             (1-2)    OverCon
----------------------------------------------
     M1 ( 1)         0( 0.00%)   ( 0.00%) 
     M2 ( 2)        16( 0.00%)   ( 0.00%) 
     M3 ( 3)        39( 0.01%)   ( 0.01%) 
     M4 ( 4)         0( 0.00%)   ( 0.00%) 
     M5 ( 5)         7( 0.00%)   ( 0.00%) 
     M6 ( 6)        50( 0.01%)   ( 0.01%) 
     M7 ( 7)        70( 0.01%)   ( 0.01%) 
     M8 ( 8)         0( 0.00%)   ( 0.00%) 
     M9 ( 9)         2( 0.00%)   ( 0.00%) 
   MRDL (10)         0( 0.00%)   ( 0.00%) 
----------------------------------------------
       Total       184( 0.00%)   ( 0.00%) 
----------------------------------------------
2D Overflow 0.01% H + 0.01% V
[hotspot] +----------------+-------------------+-------------------+-------------------------------------+
[hotspot] |      layer     |    max hotspot    |   total hotspot   |            hotspot bbox             |
[hotspot] +----------------+-------------------+-------------------+-------------------------------------+
[hotspot] |       M1(H)    |              0.00 |              0.00 |   (none)                            |
[hotspot] |       M2(V)    |              0.00 |              0.00 |   (none)                            |
[hotspot] |       M3(H)    |              0.00 |              0.00 |   (none)                            |
[hotspot] |       M4(V)    |              0.00 |              0.00 |   (none)                            |
[hotspot] |       M5(H)    |              0.00 |              0.00 |   (none)                            |
[hotspot] |       M6(V)    |              0.00 |              0.00 |   (none)                            |
[hotspot] |       M7(H)    |              0.17 |              0.17 |   428.74   589.26   482.25   642.76 |
[hotspot] |       M8(V)    |              0.00 |              0.00 |   (none)                            |
[hotspot] |       M9(H)    |              0.00 |              0.00 |   (none)                            |
[hotspot] |     MRDL(V)    |              0.00 |              0.00 |   (none)                            |
[hotspot] +----------------+-------------------+-------------------+-------------------------------------+
[hotspot] |      worst     |     (M7)     0.17 |     (M7)     0.17 |                                     |
[hotspot] +----------------+-------------------+-------------------+-------------------------------------+
[hotspot] |   all layers   |              0.17 |              0.35 |                                     |
[hotspot] +----------------+-------------------+-------------------+-------------------------------------+
Local HotSpot Analysis (blockage included) (3d): normalized congestion max/total hotspot area = 0.17/0.35 (area is in unit of 4 std-cell row bins)
[hotspot] top 2 congestion hotspot bounding boxes and scores of all layers hotspot
[hotspot] +-----+-------------------------------------+---------------+
[hotspot] | top |            hotspot bbox             | hotspot score |
[hotspot] +-----+-------------------------------------+---------------+
[hotspot] |  1  |   455.50   401.99   509.00   455.50 |        0.17   |
[hotspot] +-----+-------------------------------------+---------------+
[hotspot] |  2  |   401.99   589.26   455.50   642.76 |        0.17   |
[hotspot] +-----+-------------------------------------+---------------+
