  ----------------------------------------------------------------------------------------------------
  Rule         Type   Count      Message
  ----------------------------------------------------------------------------------------------------
  TCK-001      Warn   120        The reported endpoint '%endpoint' is unconstrained. Reason: '%re...
  TCK-012      Warn   4          The input port '%port' has no clock_relative delay specified. Mo...
  ----------------------------------------------------------------------------------------------------
Total messages: 124, Errors: 0, Warnings: 124, Info: 0, SevereError: 0, Fatal: 0


Messages
--------
Warning: The reported endpoint 'wfull' is unconstrained. Reason: 'no check'. Mode:'func'. (TCK-001)
Warning: The reported endpoint 'rempty' is unconstrained. Reason: 'no check'. Mode:'func'. (TCK-001)
Warning: The reported endpoint 'sync_r2w/wq1_rptr_reg_10_/D' is unconstrained. Reason: 'false path'. Mode:'func'. (TCK-001)
Warning: The reported endpoint 'sync_r2w/wq1_rptr_reg_10_/RSTB' is unconstrained. Reason: 'no arrival path'. Mode:'func'. (TCK-001)
Warning: The reported endpoint 'sync_r2w/wq1_rptr_reg_8_/D' is unconstrained. Reason: 'false path'. Mode:'func'. (TCK-001)
Warning: The reported endpoint 'sync_r2w/wq1_rptr_reg_8_/RSTB' is unconstrained. Reason: 'no arrival path'. Mode:'func'. (TCK-001)
Warning: The reported endpoint 'sync_r2w/wq1_rptr_reg_6_/D' is unconstrained. Reason: 'false path'. Mode:'func'. (TCK-001)
Warning: The reported endpoint 'sync_r2w/wq1_rptr_reg_6_/RSTB' is unconstrained. Reason: 'no arrival path'. Mode:'func'. (TCK-001)
Warning: The reported endpoint 'sync_r2w/wq1_rptr_reg_4_/D' is unconstrained. Reason: 'false path'. Mode:'func'. (TCK-001)
Warning: The reported endpoint 'sync_r2w/wq1_rptr_reg_4_/RSTB' is unconstrained. Reason: 'no arrival path'. Mode:'func'. (TCK-001)
Warning: The reported endpoint 'sync_r2w/wq1_rptr_reg_2_/D' is unconstrained. Reason: 'false path'. Mode:'func'. (TCK-001)
Warning: The reported endpoint 'sync_r2w/wq1_rptr_reg_2_/RSTB' is unconstrained. Reason: 'no arrival path'. Mode:'func'. (TCK-001)
Warning: The reported endpoint 'sync_r2w/wq2_rptr_reg_6_/RSTB' is unconstrained. Reason: 'no arrival path'. Mode:'func'. (TCK-001)
Warning: The reported endpoint 'sync_r2w/wq2_rptr_reg_5_/RSTB' is unconstrained. Reason: 'no arrival path'. Mode:'func'. (TCK-001)
Warning: The reported endpoint 'sync_r2w/wq2_rptr_reg_4_/RSTB' is unconstrained. Reason: 'no arrival path'. Mode:'func'. (TCK-001)
Warning: The reported endpoint 'sync_r2w/wq2_rptr_reg_3_/RSTB' is unconstrained. Reason: 'no arrival path'. Mode:'func'. (TCK-001)
Warning: The reported endpoint 'sync_r2w/wq2_rptr_reg_8_/RSTB' is unconstrained. Reason: 'no arrival path'. Mode:'func'. (TCK-001)
Warning: The reported endpoint 'sync_r2w/wq2_rptr_reg_0_/RSTB' is unconstrained. Reason: 'no arrival path'. Mode:'func'. (TCK-001)
Warning: The reported endpoint 'sync_r2w/wq2_rptr_reg_7_/RSTB' is unconstrained. Reason: 'no arrival path'. Mode:'func'. (TCK-001)
Warning: The reported endpoint 'sync_r2w/wq2_rptr_reg_2_/RSTB' is unconstrained. Reason: 'no arrival path'. Mode:'func'. (TCK-001)
Warning: The reported endpoint 'sync_r2w/wq2_rptr_reg_9_/RSTB' is unconstrained. Reason: 'no arrival path'. Mode:'func'. (TCK-001)
Warning: The reported endpoint 'sync_r2w/wq1_rptr_reg_3_/D' is unconstrained. Reason: 'false path'. Mode:'func'. (TCK-001)
Warning: The reported endpoint 'sync_r2w/wq1_rptr_reg_3_/RSTB' is unconstrained. Reason: 'no arrival path'. Mode:'func'. (TCK-001)
Warning: The reported endpoint 'sync_r2w/wq1_rptr_reg_1_/D' is unconstrained. Reason: 'false path'. Mode:'func'. (TCK-001)
Warning: The reported endpoint 'sync_r2w/wq1_rptr_reg_1_/RSTB' is unconstrained. Reason: 'no arrival path'. Mode:'func'. (TCK-001)
Warning: The reported endpoint 'sync_r2w/wq1_rptr_reg_9_/D' is unconstrained. Reason: 'false path'. Mode:'func'. (TCK-001)
Warning: The reported endpoint 'sync_r2w/wq1_rptr_reg_9_/RSTB' is unconstrained. Reason: 'no arrival path'. Mode:'func'. (TCK-001)
Warning: The reported endpoint 'sync_r2w/wq2_rptr_reg_1_/RSTB' is unconstrained. Reason: 'no arrival path'. Mode:'func'. (TCK-001)
Warning: The reported endpoint 'sync_r2w/wq1_rptr_reg_7_/D' is unconstrained. Reason: 'false path'. Mode:'func'. (TCK-001)
Warning: The reported endpoint 'sync_r2w/wq1_rptr_reg_7_/RSTB' is unconstrained. Reason: 'no arrival path'. Mode:'func'. (TCK-001)
Warning: The reported endpoint 'sync_r2w/wq1_rptr_reg_5_/D' is unconstrained. Reason: 'false path'. Mode:'func'. (TCK-001)
Warning: The reported endpoint 'sync_r2w/wq1_rptr_reg_5_/RSTB' is unconstrained. Reason: 'no arrival path'. Mode:'func'. (TCK-001)
Warning: The reported endpoint 'sync_r2w/wq1_rptr_reg_0_/D' is unconstrained. Reason: 'false path'. Mode:'func'. (TCK-001)
Warning: The reported endpoint 'sync_r2w/wq1_rptr_reg_0_/RSTB' is unconstrained. Reason: 'no arrival path'. Mode:'func'. (TCK-001)
Warning: The reported endpoint 'sync_r2w/wq2_rptr_reg_10_/RSTB' is unconstrained. Reason: 'no arrival path'. Mode:'func'. (TCK-001)
Warning: The reported endpoint 'sync_w2r/rq1_wptr_reg_10_/D' is unconstrained. Reason: 'false path'. Mode:'func'. (TCK-001)
Warning: The reported endpoint 'sync_w2r/rq1_wptr_reg_10_/RSTB' is unconstrained. Reason: 'no arrival path'. Mode:'func'. (TCK-001)
Warning: The reported endpoint 'sync_w2r/rq1_wptr_reg_9_/D' is unconstrained. Reason: 'false path'. Mode:'func'. (TCK-001)
Warning: The reported endpoint 'sync_w2r/rq1_wptr_reg_9_/RSTB' is unconstrained. Reason: 'no arrival path'. Mode:'func'. (TCK-001)
Warning: The reported endpoint 'sync_w2r/rq1_wptr_reg_6_/D' is unconstrained. Reason: 'false path'. Mode:'func'. (TCK-001)
Warning: The reported endpoint 'sync_w2r/rq1_wptr_reg_6_/RSTB' is unconstrained. Reason: 'no arrival path'. Mode:'func'. (TCK-001)
Warning: The reported endpoint 'sync_w2r/rq1_wptr_reg_5_/D' is unconstrained. Reason: 'false path'. Mode:'func'. (TCK-001)
Warning: The reported endpoint 'sync_w2r/rq1_wptr_reg_5_/RSTB' is unconstrained. Reason: 'no arrival path'. Mode:'func'. (TCK-001)
Warning: The reported endpoint 'sync_w2r/rq2_wptr_reg_8_/RSTB' is unconstrained. Reason: 'no arrival path'. Mode:'func'. (TCK-001)
Warning: The reported endpoint 'sync_w2r/rq2_wptr_reg_5_/RSTB' is unconstrained. Reason: 'no arrival path'. Mode:'func'. (TCK-001)
Warning: The reported endpoint 'sync_w2r/rq2_wptr_reg_2_/RSTB' is unconstrained. Reason: 'no arrival path'. Mode:'func'. (TCK-001)
Warning: The reported endpoint 'sync_w2r/rq2_wptr_reg_9_/RSTB' is unconstrained. Reason: 'no arrival path'. Mode:'func'. (TCK-001)
Warning: The reported endpoint 'sync_w2r/rq1_wptr_reg_7_/D' is unconstrained. Reason: 'false path'. Mode:'func'. (TCK-001)
Warning: The reported endpoint 'sync_w2r/rq1_wptr_reg_7_/RSTB' is unconstrained. Reason: 'no arrival path'. Mode:'func'. (TCK-001)
Warning: The reported endpoint 'sync_w2r/rq2_wptr_reg_4_/RSTB' is unconstrained. Reason: 'no arrival path'. Mode:'func'. (TCK-001)
Warning: The reported endpoint 'sync_w2r/rq2_wptr_reg_3_/RSTB' is unconstrained. Reason: 'no arrival path'. Mode:'func'. (TCK-001)
Warning: The reported endpoint 'sync_w2r/rq1_wptr_reg_2_/D' is unconstrained. Reason: 'false path'. Mode:'func'. (TCK-001)
Warning: The reported endpoint 'sync_w2r/rq1_wptr_reg_2_/RSTB' is unconstrained. Reason: 'no arrival path'. Mode:'func'. (TCK-001)
Warning: The reported endpoint 'sync_w2r/rq1_wptr_reg_0_/D' is unconstrained. Reason: 'false path'. Mode:'func'. (TCK-001)
Warning: The reported endpoint 'sync_w2r/rq1_wptr_reg_0_/RSTB' is unconstrained. Reason: 'no arrival path'. Mode:'func'. (TCK-001)
Warning: The reported endpoint 'sync_w2r/rq2_wptr_reg_7_/RSTB' is unconstrained. Reason: 'no arrival path'. Mode:'func'. (TCK-001)
Warning: The reported endpoint 'sync_w2r/rq2_wptr_reg_1_/RSTB' is unconstrained. Reason: 'no arrival path'. Mode:'func'. (TCK-001)
Warning: The reported endpoint 'sync_w2r/rq1_wptr_reg_4_/D' is unconstrained. Reason: 'false path'. Mode:'func'. (TCK-001)
Warning: The reported endpoint 'sync_w2r/rq1_wptr_reg_4_/RSTB' is unconstrained. Reason: 'no arrival path'. Mode:'func'. (TCK-001)
Warning: The reported endpoint 'sync_w2r/rq1_wptr_reg_3_/D' is unconstrained. Reason: 'false path'. Mode:'func'. (TCK-001)
Warning: The reported endpoint 'sync_w2r/rq1_wptr_reg_3_/RSTB' is unconstrained. Reason: 'no arrival path'. Mode:'func'. (TCK-001)
Warning: The reported endpoint 'sync_w2r/rq1_wptr_reg_1_/D' is unconstrained. Reason: 'false path'. Mode:'func'. (TCK-001)
Warning: The reported endpoint 'sync_w2r/rq1_wptr_reg_1_/RSTB' is unconstrained. Reason: 'no arrival path'. Mode:'func'. (TCK-001)
Warning: The reported endpoint 'sync_w2r/rq1_wptr_reg_8_/D' is unconstrained. Reason: 'false path'. Mode:'func'. (TCK-001)
Warning: The reported endpoint 'sync_w2r/rq1_wptr_reg_8_/RSTB' is unconstrained. Reason: 'no arrival path'. Mode:'func'. (TCK-001)
Warning: The reported endpoint 'sync_w2r/rq2_wptr_reg_10_/RSTB' is unconstrained. Reason: 'no arrival path'. Mode:'func'. (TCK-001)
Warning: The reported endpoint 'sync_w2r/rq2_wptr_reg_6_/RSTB' is unconstrained. Reason: 'no arrival path'. Mode:'func'. (TCK-001)
Warning: The reported endpoint 'sync_w2r/rq2_wptr_reg_0_/RSTB' is unconstrained. Reason: 'no arrival path'. Mode:'func'. (TCK-001)
Warning: The reported endpoint 'rptr_empty/rptr_reg_9_/RSTB' is unconstrained. Reason: 'no arrival path'. Mode:'func'. (TCK-001)
Warning: The reported endpoint 'rptr_empty/rptr_reg_8_/RSTB' is unconstrained. Reason: 'no arrival path'. Mode:'func'. (TCK-001)
Warning: The reported endpoint 'rptr_empty/rptr_reg_5_/RSTB' is unconstrained. Reason: 'no arrival path'. Mode:'func'. (TCK-001)
Warning: The reported endpoint 'rptr_empty/rptr_reg_2_/RSTB' is unconstrained. Reason: 'no arrival path'. Mode:'func'. (TCK-001)
Warning: The reported endpoint 'rptr_empty/rptr_reg_1_/RSTB' is unconstrained. Reason: 'no arrival path'. Mode:'func'. (TCK-001)
Warning: The reported endpoint 'rptr_empty/rbin_reg_9_/RSTB' is unconstrained. Reason: 'no arrival path'. Mode:'func'. (TCK-001)
Warning: The reported endpoint 'rptr_empty/rbin_reg_8_/RSTB' is unconstrained. Reason: 'no arrival path'. Mode:'func'. (TCK-001)
Warning: The reported endpoint 'rptr_empty/rbin_reg_7_/RSTB' is unconstrained. Reason: 'no arrival path'. Mode:'func'. (TCK-001)
Warning: The reported endpoint 'rptr_empty/rempty_reg/SETB' is unconstrained. Reason: 'no arrival path'. Mode:'func'. (TCK-001)
Warning: The reported endpoint 'rptr_empty/rbin_reg_4_/RSTB' is unconstrained. Reason: 'no arrival path'. Mode:'func'. (TCK-001)
Warning: The reported endpoint 'rptr_empty/rbin_reg_2_/RSTB' is unconstrained. Reason: 'no arrival path'. Mode:'func'. (TCK-001)
Warning: The reported endpoint 'rptr_empty/rbin_reg_5_/RSTB' is unconstrained. Reason: 'no arrival path'. Mode:'func'. (TCK-001)
Warning: The reported endpoint 'rptr_empty/rptr_reg_3_/RSTB' is unconstrained. Reason: 'no arrival path'. Mode:'func'. (TCK-001)
Warning: The reported endpoint 'rptr_empty/rptr_reg_4_/RSTB' is unconstrained. Reason: 'no arrival path'. Mode:'func'. (TCK-001)
Warning: The reported endpoint 'rptr_empty/rbin_reg_10_/RSTB' is unconstrained. Reason: 'no arrival path'. Mode:'func'. (TCK-001)
Warning: The reported endpoint 'rptr_empty/rptr_reg_7_/RSTB' is unconstrained. Reason: 'no arrival path'. Mode:'func'. (TCK-001)
Warning: The reported endpoint 'rptr_empty/rptr_reg_0_/RSTB' is unconstrained. Reason: 'no arrival path'. Mode:'func'. (TCK-001)
Warning: The reported endpoint 'rptr_empty/rptr_reg_6_/RSTB' is unconstrained. Reason: 'no arrival path'. Mode:'func'. (TCK-001)
Warning: The reported endpoint 'rptr_empty/rbin_reg_3_/RSTB' is unconstrained. Reason: 'no arrival path'. Mode:'func'. (TCK-001)
Warning: The reported endpoint 'rptr_empty/rbin_reg_6_/RSTB' is unconstrained. Reason: 'no arrival path'. Mode:'func'. (TCK-001)
Warning: The reported endpoint 'rptr_empty/rbin_reg_0_/RSTB' is unconstrained. Reason: 'no arrival path'. Mode:'func'. (TCK-001)
Warning: The reported endpoint 'rptr_empty/rbin_reg_1_/RSTB' is unconstrained. Reason: 'no arrival path'. Mode:'func'. (TCK-001)
Warning: The reported endpoint 'wptr_full/wbin_reg_3_/RSTB' is unconstrained. Reason: 'no arrival path'. Mode:'func'. (TCK-001)
Warning: The reported endpoint 'wptr_full/wbin_reg_2_/RSTB' is unconstrained. Reason: 'no arrival path'. Mode:'func'. (TCK-001)
Warning: The reported endpoint 'wptr_full/wptr_reg_7_/RSTB' is unconstrained. Reason: 'no arrival path'. Mode:'func'. (TCK-001)
Warning: The reported endpoint 'wptr_full/wptr_reg_6_/RSTB' is unconstrained. Reason: 'no arrival path'. Mode:'func'. (TCK-001)
Warning: The reported endpoint 'wptr_full/wptr_reg_4_/RSTB' is unconstrained. Reason: 'no arrival path'. Mode:'func'. (TCK-001)
Warning: The reported endpoint 'wptr_full/wptr_reg_3_/RSTB' is unconstrained. Reason: 'no arrival path'. Mode:'func'. (TCK-001)
Warning: The reported endpoint 'wptr_full/wptr_reg_2_/RSTB' is unconstrained. Reason: 'no arrival path'. Mode:'func'. (TCK-001)
Warning: The reported endpoint 'wptr_full/wptr_reg_1_/RSTB' is unconstrained. Reason: 'no arrival path'. Mode:'func'. (TCK-001)
Warning: The reported endpoint 'wptr_full/wptr_reg_0_/RSTB' is unconstrained. Reason: 'no arrival path'. Mode:'func'. (TCK-001)
Warning: The reported endpoint 'wptr_full/wbin_reg_5_/RSTB' is unconstrained. Reason: 'no arrival path'. Mode:'func'. (TCK-001)
Warning: The reported endpoint 'wptr_full/wbin_reg_1_/RSTB' is unconstrained. Reason: 'no arrival path'. Mode:'func'. (TCK-001)
Warning: The reported endpoint 'wptr_full/wbin_reg_9_/RSTB' is unconstrained. Reason: 'no arrival path'. Mode:'func'. (TCK-001)
Warning: The reported endpoint 'wptr_full/wbin_reg_8_/RSTB' is unconstrained. Reason: 'no arrival path'. Mode:'func'. (TCK-001)
Warning: The reported endpoint 'wptr_full/wbin_reg_10_/RSTB' is unconstrained. Reason: 'no arrival path'. Mode:'func'. (TCK-001)
Warning: The reported endpoint 'wptr_full/wbin_reg_4_/RSTB' is unconstrained. Reason: 'no arrival path'. Mode:'func'. (TCK-001)
Warning: The reported endpoint 'wptr_full/wfull_reg/RSTB' is unconstrained. Reason: 'no arrival path'. Mode:'func'. (TCK-001)
Warning: The reported endpoint 'wptr_full/wbin_reg_0_/RSTB' is unconstrained. Reason: 'no arrival path'. Mode:'func'. (TCK-001)
Warning: The reported endpoint 'wptr_full/wbin_reg_6_/RSTB' is unconstrained. Reason: 'no arrival path'. Mode:'func'. (TCK-001)
Warning: The reported endpoint 'wptr_full/wbin_reg_7_/RSTB' is unconstrained. Reason: 'no arrival path'. Mode:'func'. (TCK-001)
Warning: The reported endpoint 'wptr_full/wptr_reg_5_/RSTB' is unconstrained. Reason: 'no arrival path'. Mode:'func'. (TCK-001)
Warning: The reported endpoint 'wptr_full/wptr_reg_9_/RSTB' is unconstrained. Reason: 'no arrival path'. Mode:'func'. (TCK-001)
Warning: The reported endpoint 'wptr_full/wptr_reg_8_/RSTB' is unconstrained. Reason: 'no arrival path'. Mode:'func'. (TCK-001)
Warning: The reported endpoint 'wdata_reg_7_/RSTB' is unconstrained. Reason: 'no arrival path'. Mode:'func'. (TCK-001)
Warning: The reported endpoint 'wdata_reg_6_/RSTB' is unconstrained. Reason: 'no arrival path'. Mode:'func'. (TCK-001)
Warning: The reported endpoint 'wdata_reg_5_/RSTB' is unconstrained. Reason: 'no arrival path'. Mode:'func'. (TCK-001)
Warning: The reported endpoint 'wdata_reg_2_/RSTB' is unconstrained. Reason: 'no arrival path'. Mode:'func'. (TCK-001)
Warning: The reported endpoint 'wdata_reg_0_/RSTB' is unconstrained. Reason: 'no arrival path'. Mode:'func'. (TCK-001)
Warning: The reported endpoint 'wdata_reg_3_/RSTB' is unconstrained. Reason: 'no arrival path'. Mode:'func'. (TCK-001)
Warning: The reported endpoint 'wdata_reg_1_/RSTB' is unconstrained. Reason: 'no arrival path'. Mode:'func'. (TCK-001)
Warning: The reported endpoint 'wdata_reg_4_/RSTB' is unconstrained. Reason: 'no arrival path'. Mode:'func'. (TCK-001)
Warning: The input port 'winc' has no clock_relative delay specified. Mode:'func', Corner:'slow'. (TCK-012)
Warning: The input port 'wrst_n' has no clock_relative delay specified. Mode:'func', Corner:'slow'. (TCK-012)
Warning: The input port 'rinc' has no clock_relative delay specified. Mode:'func', Corner:'slow'. (TCK-012)
Warning: The input port 'rrst_n' has no clock_relative delay specified. Mode:'func', Corner:'slow'. (TCK-012)
1
