  ----------------------------------------------------------------------------------------------------
  Rule         Type   Count      Message
  ----------------------------------------------------------------------------------------------------
  TCK-001      Warn   156        The reported endpoint '%endpoint' is unconstrained. Reason: '%re...
  TCK-012      Warn   65         The input port '%port' has no clock_relative delay specified. Mo...
  ----------------------------------------------------------------------------------------------------
Total messages: 221, Errors: 0, Warnings: 221, Info: 0, SevereError: 0, Fatal: 0


Messages
--------
Warning: The reported endpoint 'acc_out[114]' is unconstrained. Reason: 'no check'. Mode:'func'. (TCK-001)
Warning: The reported endpoint 'acc_out[113]' is unconstrained. Reason: 'no check'. Mode:'func'. (TCK-001)
Warning: The reported endpoint 'acc_out[112]' is unconstrained. Reason: 'no check'. Mode:'func'. (TCK-001)
Warning: The reported endpoint 'acc_out[111]' is unconstrained. Reason: 'no check'. Mode:'func'. (TCK-001)
Warning: The reported endpoint 'acc_out[110]' is unconstrained. Reason: 'no check'. Mode:'func'. (TCK-001)
Warning: The reported endpoint 'acc_out[109]' is unconstrained. Reason: 'no check'. Mode:'func'. (TCK-001)
Warning: The reported endpoint 'acc_out[108]' is unconstrained. Reason: 'no check'. Mode:'func'. (TCK-001)
Warning: The reported endpoint 'acc_out[107]' is unconstrained. Reason: 'no check'. Mode:'func'. (TCK-001)
Warning: The reported endpoint 'acc_out[106]' is unconstrained. Reason: 'no check'. Mode:'func'. (TCK-001)
Warning: The reported endpoint 'acc_out[105]' is unconstrained. Reason: 'no check'. Mode:'func'. (TCK-001)
Warning: The reported endpoint 'acc_out[104]' is unconstrained. Reason: 'no check'. Mode:'func'. (TCK-001)
Warning: The reported endpoint 'acc_out[103]' is unconstrained. Reason: 'no check'. Mode:'func'. (TCK-001)
Warning: The reported endpoint 'acc_out[102]' is unconstrained. Reason: 'no check'. Mode:'func'. (TCK-001)
Warning: The reported endpoint 'acc_out[101]' is unconstrained. Reason: 'no check'. Mode:'func'. (TCK-001)
Warning: The reported endpoint 'acc_out[100]' is unconstrained. Reason: 'no check'. Mode:'func'. (TCK-001)
Warning: The reported endpoint 'acc_out[99]' is unconstrained. Reason: 'no check'. Mode:'func'. (TCK-001)
Warning: The reported endpoint 'acc_out[98]' is unconstrained. Reason: 'no check'. Mode:'func'. (TCK-001)
Warning: The reported endpoint 'acc_out[97]' is unconstrained. Reason: 'no check'. Mode:'func'. (TCK-001)
Warning: The reported endpoint 'acc_out[96]' is unconstrained. Reason: 'no check'. Mode:'func'. (TCK-001)
Warning: The reported endpoint 'acc_out[82]' is unconstrained. Reason: 'no check'. Mode:'func'. (TCK-001)
Warning: The reported endpoint 'acc_out[81]' is unconstrained. Reason: 'no check'. Mode:'func'. (TCK-001)
Warning: The reported endpoint 'acc_out[80]' is unconstrained. Reason: 'no check'. Mode:'func'. (TCK-001)
Warning: The reported endpoint 'acc_out[79]' is unconstrained. Reason: 'no check'. Mode:'func'. (TCK-001)
Warning: The reported endpoint 'acc_out[78]' is unconstrained. Reason: 'no check'. Mode:'func'. (TCK-001)
Warning: The reported endpoint 'acc_out[77]' is unconstrained. Reason: 'no check'. Mode:'func'. (TCK-001)
Warning: The reported endpoint 'acc_out[76]' is unconstrained. Reason: 'no check'. Mode:'func'. (TCK-001)
Warning: The reported endpoint 'acc_out[75]' is unconstrained. Reason: 'no check'. Mode:'func'. (TCK-001)
Warning: The reported endpoint 'acc_out[74]' is unconstrained. Reason: 'no check'. Mode:'func'. (TCK-001)
Warning: The reported endpoint 'acc_out[73]' is unconstrained. Reason: 'no check'. Mode:'func'. (TCK-001)
Warning: The reported endpoint 'acc_out[72]' is unconstrained. Reason: 'no check'. Mode:'func'. (TCK-001)
Warning: The reported endpoint 'acc_out[71]' is unconstrained. Reason: 'no check'. Mode:'func'. (TCK-001)
Warning: The reported endpoint 'acc_out[70]' is unconstrained. Reason: 'no check'. Mode:'func'. (TCK-001)
Warning: The reported endpoint 'acc_out[69]' is unconstrained. Reason: 'no check'. Mode:'func'. (TCK-001)
Warning: The reported endpoint 'acc_out[68]' is unconstrained. Reason: 'no check'. Mode:'func'. (TCK-001)
Warning: The reported endpoint 'acc_out[67]' is unconstrained. Reason: 'no check'. Mode:'func'. (TCK-001)
Warning: The reported endpoint 'acc_out[66]' is unconstrained. Reason: 'no check'. Mode:'func'. (TCK-001)
Warning: The reported endpoint 'acc_out[65]' is unconstrained. Reason: 'no check'. Mode:'func'. (TCK-001)
Warning: The reported endpoint 'acc_out[64]' is unconstrained. Reason: 'no check'. Mode:'func'. (TCK-001)
Warning: The reported endpoint 'acc_out[50]' is unconstrained. Reason: 'no check'. Mode:'func'. (TCK-001)
Warning: The reported endpoint 'acc_out[49]' is unconstrained. Reason: 'no check'. Mode:'func'. (TCK-001)
Warning: The reported endpoint 'acc_out[48]' is unconstrained. Reason: 'no check'. Mode:'func'. (TCK-001)
Warning: The reported endpoint 'acc_out[47]' is unconstrained. Reason: 'no check'. Mode:'func'. (TCK-001)
Warning: The reported endpoint 'acc_out[46]' is unconstrained. Reason: 'no check'. Mode:'func'. (TCK-001)
Warning: The reported endpoint 'acc_out[45]' is unconstrained. Reason: 'no check'. Mode:'func'. (TCK-001)
Warning: The reported endpoint 'acc_out[44]' is unconstrained. Reason: 'no check'. Mode:'func'. (TCK-001)
Warning: The reported endpoint 'acc_out[43]' is unconstrained. Reason: 'no check'. Mode:'func'. (TCK-001)
Warning: The reported endpoint 'acc_out[42]' is unconstrained. Reason: 'no check'. Mode:'func'. (TCK-001)
Warning: The reported endpoint 'acc_out[41]' is unconstrained. Reason: 'no check'. Mode:'func'. (TCK-001)
Warning: The reported endpoint 'acc_out[40]' is unconstrained. Reason: 'no check'. Mode:'func'. (TCK-001)
Warning: The reported endpoint 'acc_out[39]' is unconstrained. Reason: 'no check'. Mode:'func'. (TCK-001)
Warning: The reported endpoint 'acc_out[38]' is unconstrained. Reason: 'no check'. Mode:'func'. (TCK-001)
Warning: The reported endpoint 'acc_out[37]' is unconstrained. Reason: 'no check'. Mode:'func'. (TCK-001)
Warning: The reported endpoint 'acc_out[36]' is unconstrained. Reason: 'no check'. Mode:'func'. (TCK-001)
Warning: The reported endpoint 'acc_out[35]' is unconstrained. Reason: 'no check'. Mode:'func'. (TCK-001)
Warning: The reported endpoint 'acc_out[34]' is unconstrained. Reason: 'no check'. Mode:'func'. (TCK-001)
Warning: The reported endpoint 'acc_out[33]' is unconstrained. Reason: 'no check'. Mode:'func'. (TCK-001)
Warning: The reported endpoint 'acc_out[32]' is unconstrained. Reason: 'no check'. Mode:'func'. (TCK-001)
Warning: The reported endpoint 'acc_out[18]' is unconstrained. Reason: 'no check'. Mode:'func'. (TCK-001)
Warning: The reported endpoint 'acc_out[17]' is unconstrained. Reason: 'no check'. Mode:'func'. (TCK-001)
Warning: The reported endpoint 'acc_out[16]' is unconstrained. Reason: 'no check'. Mode:'func'. (TCK-001)
Warning: The reported endpoint 'acc_out[15]' is unconstrained. Reason: 'no check'. Mode:'func'. (TCK-001)
Warning: The reported endpoint 'acc_out[14]' is unconstrained. Reason: 'no check'. Mode:'func'. (TCK-001)
Warning: The reported endpoint 'acc_out[13]' is unconstrained. Reason: 'no check'. Mode:'func'. (TCK-001)
Warning: The reported endpoint 'acc_out[12]' is unconstrained. Reason: 'no check'. Mode:'func'. (TCK-001)
Warning: The reported endpoint 'acc_out[11]' is unconstrained. Reason: 'no check'. Mode:'func'. (TCK-001)
Warning: The reported endpoint 'acc_out[10]' is unconstrained. Reason: 'no check'. Mode:'func'. (TCK-001)
Warning: The reported endpoint 'acc_out[9]' is unconstrained. Reason: 'no check'. Mode:'func'. (TCK-001)
Warning: The reported endpoint 'acc_out[8]' is unconstrained. Reason: 'no check'. Mode:'func'. (TCK-001)
Warning: The reported endpoint 'acc_out[7]' is unconstrained. Reason: 'no check'. Mode:'func'. (TCK-001)
Warning: The reported endpoint 'acc_out[6]' is unconstrained. Reason: 'no check'. Mode:'func'. (TCK-001)
Warning: The reported endpoint 'acc_out[5]' is unconstrained. Reason: 'no check'. Mode:'func'. (TCK-001)
Warning: The reported endpoint 'acc_out[4]' is unconstrained. Reason: 'no check'. Mode:'func'. (TCK-001)
Warning: The reported endpoint 'acc_out[3]' is unconstrained. Reason: 'no check'. Mode:'func'. (TCK-001)
Warning: The reported endpoint 'acc_out[2]' is unconstrained. Reason: 'no check'. Mode:'func'. (TCK-001)
Warning: The reported endpoint 'acc_out[1]' is unconstrained. Reason: 'no check'. Mode:'func'. (TCK-001)
Warning: The reported endpoint 'acc_out[0]' is unconstrained. Reason: 'no check'. Mode:'func'. (TCK-001)
Warning: The reported endpoint 'm00/acc_out_reg_9_/D' is unconstrained. Reason: 'no arrival path'. Mode:'func'. (TCK-001)
Warning: The reported endpoint 'm00/acc_out_reg_8_/D' is unconstrained. Reason: 'no arrival path'. Mode:'func'. (TCK-001)
Warning: The reported endpoint 'm00/acc_out_reg_7_/D' is unconstrained. Reason: 'no arrival path'. Mode:'func'. (TCK-001)
Warning: The reported endpoint 'm00/acc_out_reg_6_/D' is unconstrained. Reason: 'no arrival path'. Mode:'func'. (TCK-001)
Warning: The reported endpoint 'm00/acc_out_reg_5_/D' is unconstrained. Reason: 'no arrival path'. Mode:'func'. (TCK-001)
Warning: The reported endpoint 'm00/acc_out_reg_4_/D' is unconstrained. Reason: 'no arrival path'. Mode:'func'. (TCK-001)
Warning: The reported endpoint 'm00/acc_out_reg_3_/D' is unconstrained. Reason: 'no arrival path'. Mode:'func'. (TCK-001)
Warning: The reported endpoint 'm00/data_out_reg_7_/D' is unconstrained. Reason: 'no arrival path'. Mode:'func'. (TCK-001)
Warning: The reported endpoint 'm00/wt_path_out_reg_1_/D' is unconstrained. Reason: 'no arrival path'. Mode:'func'. (TCK-001)
Warning: The reported endpoint 'm00/data_out_reg_5_/D' is unconstrained. Reason: 'no arrival path'. Mode:'func'. (TCK-001)
Warning: The reported endpoint 'm00/wt_path_out_reg_7_/D' is unconstrained. Reason: 'no arrival path'. Mode:'func'. (TCK-001)
Warning: The reported endpoint 'm00/wt_path_out_reg_3_/D' is unconstrained. Reason: 'no arrival path'. Mode:'func'. (TCK-001)
Warning: The reported endpoint 'm00/acc_out_reg_2_/D' is unconstrained. Reason: 'no arrival path'. Mode:'func'. (TCK-001)
Warning: The reported endpoint 'm00/acc_out_reg_14_/D' is unconstrained. Reason: 'no arrival path'. Mode:'func'. (TCK-001)
Warning: The reported endpoint 'm00/acc_out_reg_12_/D' is unconstrained. Reason: 'no arrival path'. Mode:'func'. (TCK-001)
Warning: The reported endpoint 'm00/acc_out_reg_15_/D' is unconstrained. Reason: 'no arrival path'. Mode:'func'. (TCK-001)
Warning: The reported endpoint 'm00/acc_out_reg_0_/D' is unconstrained. Reason: 'no arrival path'. Mode:'func'. (TCK-001)
Warning: The reported endpoint 'm00/acc_out_reg_10_/D' is unconstrained. Reason: 'no arrival path'. Mode:'func'. (TCK-001)
Warning: The reported endpoint 'm00/acc_out_reg_13_/D' is unconstrained. Reason: 'no arrival path'. Mode:'func'. (TCK-001)
Warning: The reported endpoint 'm00/acc_out_reg_1_/D' is unconstrained. Reason: 'no arrival path'. Mode:'func'. (TCK-001)
Warning: The reported endpoint 'm00/acc_out_reg_11_/D' is unconstrained. Reason: 'no arrival path'. Mode:'func'. (TCK-001)
Warning: The reported endpoint 'm00/data_out_reg_4_/D' is unconstrained. Reason: 'no arrival path'. Mode:'func'. (TCK-001)
Warning: The reported endpoint 'm00/data_out_reg_3_/D' is unconstrained. Reason: 'no arrival path'. Mode:'func'. (TCK-001)
Warning: The reported endpoint 'm00/data_out_reg_1_/D' is unconstrained. Reason: 'no arrival path'. Mode:'func'. (TCK-001)
Warning: The reported endpoint 'm00/data_out_reg_2_/D' is unconstrained. Reason: 'no arrival path'. Mode:'func'. (TCK-001)
Warning: The reported endpoint 'm00/wt_path_out_reg_0_/D' is unconstrained. Reason: 'no arrival path'. Mode:'func'. (TCK-001)
Warning: The reported endpoint 'm00/wt_path_out_reg_6_/D' is unconstrained. Reason: 'no arrival path'. Mode:'func'. (TCK-001)
Warning: The reported endpoint 'm00/data_out_reg_6_/D' is unconstrained. Reason: 'no arrival path'. Mode:'func'. (TCK-001)
Warning: The reported endpoint 'm00/data_out_reg_0_/D' is unconstrained. Reason: 'no arrival path'. Mode:'func'. (TCK-001)
Warning: The reported endpoint 'm00/wt_path_out_reg_5_/D' is unconstrained. Reason: 'no arrival path'. Mode:'func'. (TCK-001)
Warning: The reported endpoint 'm00/wt_path_out_reg_4_/D' is unconstrained. Reason: 'no arrival path'. Mode:'func'. (TCK-001)
Warning: The reported endpoint 'm00/wt_path_out_reg_2_/D' is unconstrained. Reason: 'no arrival path'. Mode:'func'. (TCK-001)
Warning: The reported endpoint 'm01/data_out_reg_0_/D' is unconstrained. Reason: 'no arrival path'. Mode:'func'. (TCK-001)
Warning: The reported endpoint 'm01/data_out_reg_5_/D' is unconstrained. Reason: 'no arrival path'. Mode:'func'. (TCK-001)
Warning: The reported endpoint 'm01/data_out_reg_2_/D' is unconstrained. Reason: 'no arrival path'. Mode:'func'. (TCK-001)
Warning: The reported endpoint 'm01/data_out_reg_6_/D' is unconstrained. Reason: 'no arrival path'. Mode:'func'. (TCK-001)
Warning: The reported endpoint 'm01/data_out_reg_1_/D' is unconstrained. Reason: 'no arrival path'. Mode:'func'. (TCK-001)
Warning: The reported endpoint 'm01/data_out_reg_3_/D' is unconstrained. Reason: 'no arrival path'. Mode:'func'. (TCK-001)
Warning: The reported endpoint 'm01/data_out_reg_4_/D' is unconstrained. Reason: 'no arrival path'. Mode:'func'. (TCK-001)
Warning: The reported endpoint 'm01/data_out_reg_7_/D' is unconstrained. Reason: 'no arrival path'. Mode:'func'. (TCK-001)
Warning: The reported endpoint 'm02/data_out_reg_6_/D' is unconstrained. Reason: 'no arrival path'. Mode:'func'. (TCK-001)
Warning: The reported endpoint 'm02/data_out_reg_5_/D' is unconstrained. Reason: 'no arrival path'. Mode:'func'. (TCK-001)
Warning: The reported endpoint 'm02/data_out_reg_4_/D' is unconstrained. Reason: 'no arrival path'. Mode:'func'. (TCK-001)
Warning: The reported endpoint 'm02/data_out_reg_2_/D' is unconstrained. Reason: 'no arrival path'. Mode:'func'. (TCK-001)
Warning: The reported endpoint 'm02/data_out_reg_3_/D' is unconstrained. Reason: 'no arrival path'. Mode:'func'. (TCK-001)
Warning: The reported endpoint 'm02/data_out_reg_1_/D' is unconstrained. Reason: 'no arrival path'. Mode:'func'. (TCK-001)
Warning: The reported endpoint 'm02/data_out_reg_0_/D' is unconstrained. Reason: 'no arrival path'. Mode:'func'. (TCK-001)
Warning: The reported endpoint 'm02/data_out_reg_7_/D' is unconstrained. Reason: 'no arrival path'. Mode:'func'. (TCK-001)
Warning: The reported endpoint 'm03/data_out_reg_1_/D' is unconstrained. Reason: 'no arrival path'. Mode:'func'. (TCK-001)
Warning: The reported endpoint 'm03/data_out_reg_2_/D' is unconstrained. Reason: 'no arrival path'. Mode:'func'. (TCK-001)
Warning: The reported endpoint 'm03/data_out_reg_3_/D' is unconstrained. Reason: 'no arrival path'. Mode:'func'. (TCK-001)
Warning: The reported endpoint 'm03/data_out_reg_4_/D' is unconstrained. Reason: 'no arrival path'. Mode:'func'. (TCK-001)
Warning: The reported endpoint 'm03/data_out_reg_5_/D' is unconstrained. Reason: 'no arrival path'. Mode:'func'. (TCK-001)
Warning: The reported endpoint 'm03/data_out_reg_6_/D' is unconstrained. Reason: 'no arrival path'. Mode:'func'. (TCK-001)
Warning: The reported endpoint 'm03/data_out_reg_0_/D' is unconstrained. Reason: 'no arrival path'. Mode:'func'. (TCK-001)
Warning: The reported endpoint 'm03/data_out_reg_7_/D' is unconstrained. Reason: 'no arrival path'. Mode:'func'. (TCK-001)
Warning: The reported endpoint 'm10/wt_path_out_reg_1_/D' is unconstrained. Reason: 'no arrival path'. Mode:'func'. (TCK-001)
Warning: The reported endpoint 'm10/wt_path_out_reg_7_/D' is unconstrained. Reason: 'no arrival path'. Mode:'func'. (TCK-001)
Warning: The reported endpoint 'm10/wt_path_out_reg_2_/D' is unconstrained. Reason: 'no arrival path'. Mode:'func'. (TCK-001)
Warning: The reported endpoint 'm10/wt_path_out_reg_6_/D' is unconstrained. Reason: 'no arrival path'. Mode:'func'. (TCK-001)
Warning: The reported endpoint 'm10/wt_path_out_reg_3_/D' is unconstrained. Reason: 'no arrival path'. Mode:'func'. (TCK-001)
Warning: The reported endpoint 'm10/wt_path_out_reg_5_/D' is unconstrained. Reason: 'no arrival path'. Mode:'func'. (TCK-001)
Warning: The reported endpoint 'm10/wt_path_out_reg_4_/D' is unconstrained. Reason: 'no arrival path'. Mode:'func'. (TCK-001)
Warning: The reported endpoint 'm10/wt_path_out_reg_0_/D' is unconstrained. Reason: 'no arrival path'. Mode:'func'. (TCK-001)
Warning: The reported endpoint 'm20/wt_path_out_reg_7_/D' is unconstrained. Reason: 'no arrival path'. Mode:'func'. (TCK-001)
Warning: The reported endpoint 'm20/wt_path_out_reg_0_/D' is unconstrained. Reason: 'no arrival path'. Mode:'func'. (TCK-001)
Warning: The reported endpoint 'm20/wt_path_out_reg_2_/D' is unconstrained. Reason: 'no arrival path'. Mode:'func'. (TCK-001)
Warning: The reported endpoint 'm20/wt_path_out_reg_1_/D' is unconstrained. Reason: 'no arrival path'. Mode:'func'. (TCK-001)
Warning: The reported endpoint 'm20/wt_path_out_reg_4_/D' is unconstrained. Reason: 'no arrival path'. Mode:'func'. (TCK-001)
Warning: The reported endpoint 'm20/wt_path_out_reg_3_/D' is unconstrained. Reason: 'no arrival path'. Mode:'func'. (TCK-001)
Warning: The reported endpoint 'm20/wt_path_out_reg_5_/D' is unconstrained. Reason: 'no arrival path'. Mode:'func'. (TCK-001)
Warning: The reported endpoint 'm20/wt_path_out_reg_6_/D' is unconstrained. Reason: 'no arrival path'. Mode:'func'. (TCK-001)
Warning: The reported endpoint 'm30/wt_path_out_reg_1_/D' is unconstrained. Reason: 'no arrival path'. Mode:'func'. (TCK-001)
Warning: The reported endpoint 'm30/wt_path_out_reg_2_/D' is unconstrained. Reason: 'no arrival path'. Mode:'func'. (TCK-001)
Warning: The reported endpoint 'm30/wt_path_out_reg_4_/D' is unconstrained. Reason: 'no arrival path'. Mode:'func'. (TCK-001)
Warning: The reported endpoint 'm30/wt_path_out_reg_3_/D' is unconstrained. Reason: 'no arrival path'. Mode:'func'. (TCK-001)
Warning: The reported endpoint 'm30/wt_path_out_reg_0_/D' is unconstrained. Reason: 'no arrival path'. Mode:'func'. (TCK-001)
Warning: The reported endpoint 'm30/wt_path_out_reg_7_/D' is unconstrained. Reason: 'no arrival path'. Mode:'func'. (TCK-001)
Warning: The reported endpoint 'm30/wt_path_out_reg_5_/D' is unconstrained. Reason: 'no arrival path'. Mode:'func'. (TCK-001)
Warning: The reported endpoint 'm30/wt_path_out_reg_6_/D' is unconstrained. Reason: 'no arrival path'. Mode:'func'. (TCK-001)
Warning: The input port 'reset' has no clock_relative delay specified. Mode:'func', Corner:'slow'. (TCK-012)
Warning: The input port 'data_arr[31]' has no clock_relative delay specified. Mode:'func', Corner:'slow'. (TCK-012)
Warning: The input port 'data_arr[30]' has no clock_relative delay specified. Mode:'func', Corner:'slow'. (TCK-012)
Warning: The input port 'data_arr[29]' has no clock_relative delay specified. Mode:'func', Corner:'slow'. (TCK-012)
Warning: The input port 'data_arr[28]' has no clock_relative delay specified. Mode:'func', Corner:'slow'. (TCK-012)
Warning: The input port 'data_arr[27]' has no clock_relative delay specified. Mode:'func', Corner:'slow'. (TCK-012)
Warning: The input port 'data_arr[26]' has no clock_relative delay specified. Mode:'func', Corner:'slow'. (TCK-012)
Warning: The input port 'data_arr[25]' has no clock_relative delay specified. Mode:'func', Corner:'slow'. (TCK-012)
Warning: The input port 'data_arr[24]' has no clock_relative delay specified. Mode:'func', Corner:'slow'. (TCK-012)
Warning: The input port 'data_arr[23]' has no clock_relative delay specified. Mode:'func', Corner:'slow'. (TCK-012)
Warning: The input port 'data_arr[22]' has no clock_relative delay specified. Mode:'func', Corner:'slow'. (TCK-012)
Warning: The input port 'data_arr[21]' has no clock_relative delay specified. Mode:'func', Corner:'slow'. (TCK-012)
Warning: The input port 'data_arr[20]' has no clock_relative delay specified. Mode:'func', Corner:'slow'. (TCK-012)
Warning: The input port 'data_arr[19]' has no clock_relative delay specified. Mode:'func', Corner:'slow'. (TCK-012)
Warning: The input port 'data_arr[18]' has no clock_relative delay specified. Mode:'func', Corner:'slow'. (TCK-012)
Warning: The input port 'data_arr[17]' has no clock_relative delay specified. Mode:'func', Corner:'slow'. (TCK-012)
Warning: The input port 'data_arr[16]' has no clock_relative delay specified. Mode:'func', Corner:'slow'. (TCK-012)
Warning: The input port 'data_arr[15]' has no clock_relative delay specified. Mode:'func', Corner:'slow'. (TCK-012)
Warning: The input port 'data_arr[14]' has no clock_relative delay specified. Mode:'func', Corner:'slow'. (TCK-012)
Warning: The input port 'data_arr[13]' has no clock_relative delay specified. Mode:'func', Corner:'slow'. (TCK-012)
Warning: The input port 'data_arr[12]' has no clock_relative delay specified. Mode:'func', Corner:'slow'. (TCK-012)
Warning: The input port 'data_arr[11]' has no clock_relative delay specified. Mode:'func', Corner:'slow'. (TCK-012)
Warning: The input port 'data_arr[10]' has no clock_relative delay specified. Mode:'func', Corner:'slow'. (TCK-012)
Warning: The input port 'data_arr[9]' has no clock_relative delay specified. Mode:'func', Corner:'slow'. (TCK-012)
Warning: The input port 'data_arr[8]' has no clock_relative delay specified. Mode:'func', Corner:'slow'. (TCK-012)
Warning: The input port 'data_arr[7]' has no clock_relative delay specified. Mode:'func', Corner:'slow'. (TCK-012)
Warning: The input port 'data_arr[6]' has no clock_relative delay specified. Mode:'func', Corner:'slow'. (TCK-012)
Warning: The input port 'data_arr[5]' has no clock_relative delay specified. Mode:'func', Corner:'slow'. (TCK-012)
Warning: The input port 'data_arr[4]' has no clock_relative delay specified. Mode:'func', Corner:'slow'. (TCK-012)
Warning: The input port 'data_arr[3]' has no clock_relative delay specified. Mode:'func', Corner:'slow'. (TCK-012)
Warning: The input port 'data_arr[2]' has no clock_relative delay specified. Mode:'func', Corner:'slow'. (TCK-012)
Warning: The input port 'data_arr[1]' has no clock_relative delay specified. Mode:'func', Corner:'slow'. (TCK-012)
Warning: The input port 'data_arr[0]' has no clock_relative delay specified. Mode:'func', Corner:'slow'. (TCK-012)
Warning: The input port 'wt_arr[31]' has no clock_relative delay specified. Mode:'func', Corner:'slow'. (TCK-012)
Warning: The input port 'wt_arr[30]' has no clock_relative delay specified. Mode:'func', Corner:'slow'. (TCK-012)
Warning: The input port 'wt_arr[29]' has no clock_relative delay specified. Mode:'func', Corner:'slow'. (TCK-012)
Warning: The input port 'wt_arr[28]' has no clock_relative delay specified. Mode:'func', Corner:'slow'. (TCK-012)
Warning: The input port 'wt_arr[27]' has no clock_relative delay specified. Mode:'func', Corner:'slow'. (TCK-012)
Warning: The input port 'wt_arr[26]' has no clock_relative delay specified. Mode:'func', Corner:'slow'. (TCK-012)
Warning: The input port 'wt_arr[25]' has no clock_relative delay specified. Mode:'func', Corner:'slow'. (TCK-012)
Warning: The input port 'wt_arr[24]' has no clock_relative delay specified. Mode:'func', Corner:'slow'. (TCK-012)
Warning: The input port 'wt_arr[23]' has no clock_relative delay specified. Mode:'func', Corner:'slow'. (TCK-012)
Warning: The input port 'wt_arr[22]' has no clock_relative delay specified. Mode:'func', Corner:'slow'. (TCK-012)
Warning: The input port 'wt_arr[21]' has no clock_relative delay specified. Mode:'func', Corner:'slow'. (TCK-012)
Warning: The input port 'wt_arr[20]' has no clock_relative delay specified. Mode:'func', Corner:'slow'. (TCK-012)
Warning: The input port 'wt_arr[19]' has no clock_relative delay specified. Mode:'func', Corner:'slow'. (TCK-012)
Warning: The input port 'wt_arr[18]' has no clock_relative delay specified. Mode:'func', Corner:'slow'. (TCK-012)
Warning: The input port 'wt_arr[17]' has no clock_relative delay specified. Mode:'func', Corner:'slow'. (TCK-012)
Warning: The input port 'wt_arr[16]' has no clock_relative delay specified. Mode:'func', Corner:'slow'. (TCK-012)
Warning: The input port 'wt_arr[15]' has no clock_relative delay specified. Mode:'func', Corner:'slow'. (TCK-012)
Warning: The input port 'wt_arr[14]' has no clock_relative delay specified. Mode:'func', Corner:'slow'. (TCK-012)
Warning: The input port 'wt_arr[13]' has no clock_relative delay specified. Mode:'func', Corner:'slow'. (TCK-012)
Warning: The input port 'wt_arr[12]' has no clock_relative delay specified. Mode:'func', Corner:'slow'. (TCK-012)
Warning: The input port 'wt_arr[11]' has no clock_relative delay specified. Mode:'func', Corner:'slow'. (TCK-012)
Warning: The input port 'wt_arr[10]' has no clock_relative delay specified. Mode:'func', Corner:'slow'. (TCK-012)
Warning: The input port 'wt_arr[9]' has no clock_relative delay specified. Mode:'func', Corner:'slow'. (TCK-012)
Warning: The input port 'wt_arr[8]' has no clock_relative delay specified. Mode:'func', Corner:'slow'. (TCK-012)
Warning: The input port 'wt_arr[7]' has no clock_relative delay specified. Mode:'func', Corner:'slow'. (TCK-012)
Warning: The input port 'wt_arr[6]' has no clock_relative delay specified. Mode:'func', Corner:'slow'. (TCK-012)
Warning: The input port 'wt_arr[5]' has no clock_relative delay specified. Mode:'func', Corner:'slow'. (TCK-012)
Warning: The input port 'wt_arr[4]' has no clock_relative delay specified. Mode:'func', Corner:'slow'. (TCK-012)
Warning: The input port 'wt_arr[3]' has no clock_relative delay specified. Mode:'func', Corner:'slow'. (TCK-012)
Warning: The input port 'wt_arr[2]' has no clock_relative delay specified. Mode:'func', Corner:'slow'. (TCK-012)
Warning: The input port 'wt_arr[1]' has no clock_relative delay specified. Mode:'func', Corner:'slow'. (TCK-012)
Warning: The input port 'wt_arr[0]' has no clock_relative delay specified. Mode:'func', Corner:'slow'. (TCK-012)
1
