****************************************
Report : constraint
        -all_violators
Design : MMU
Version: V-2023.12
Date   : Wed Jun 11 21:49:35 2025
****************************************

   late_timing
   -----------

Information: Timer using 'SI, Timing Window Analysis, CRPR'. (TIM-050)
Endpoint                         Path Delay     Path Required       CRP    Slack Group    Scenario
----------------------------------------------------------------------------------------------------------
m22/acc_out_reg_13_/D (SDFFX1_LVT)   2.07 f       1.88           0.00    -0.19   clk      func_slow
m22/acc_out_reg_14_/D (SDFFX1_LVT)   2.09 r       1.90           0.00    -0.19   clk      func_slow
m12/acc_out_reg_15_/D (SDFFX1_LVT)   2.08 r       1.90           0.00    -0.18   clk      func_slow
m12/acc_out_reg_14_/D (SDFFX1_LVT)   2.05 f       1.88           0.00    -0.17   clk      func_slow
m13/acc_out_reg_14_/D (SDFFX2_LVT)   2.01 f       1.85           0.00    -0.16   clk      func_slow
m12/acc_out_reg_13_/D (SDFFX1_LVT)   2.03 f       1.88           0.00    -0.15   clk      func_slow
m13/acc_out_reg_15_/D (SDFFX1_LVT)   2.03 f       1.88           0.00    -0.15   clk      func_slow
m22/acc_out_reg_15_/D (SDFFX1_LVT)   2.02 f       1.88           0.00    -0.14   clk      func_slow
m12/acc_out_reg_10_/D (SDFFX1_LVT)   2.02 f       1.88           0.00    -0.14   clk      func_slow
m32/acc_out_reg_14_/D (SDFFX1_LVT)   2.03 f       1.89           0.00    -0.14   clk      func_slow
m12/acc_out_reg_12_/D (SDFFX1_LVT)   2.04 r       1.90           0.00    -0.13   clk      func_slow
m22/acc_out_reg_16_/D (SDFFX1_LVT)   2.01 f       1.88           0.00    -0.13   clk      func_slow
m32/acc_out_reg_13_/D (SDFFX1_LVT)   2.05 r       1.92           0.00    -0.13   clk      func_slow
m21/acc_out_reg_14_/D (SDFFX1_LVT)   2.05 r       1.92           0.00    -0.13   clk      func_slow
m23/acc_out_reg_14_/D (SDFFX2_LVT)   1.97 f       1.85           0.00    -0.12   clk      func_slow
m12/acc_out_reg_16_/D (SDFFX1_LVT)   1.99 f       1.88           0.00    -0.11   clk      func_slow
m13/acc_out_reg_13_/D (SDFFX1_LVT)   1.99 f       1.88           0.00    -0.11   clk      func_slow
m02/acc_out_reg_14_/D (SDFFX1_LVT)   2.01 r       1.90           0.00    -0.11   clk      func_slow
m10/acc_out_reg_13_/D (SDFFX1_LVT)   1.99 f       1.89           0.00    -0.11   clk      func_slow
m13/acc_out_reg_16_/D (SDFFX2_LVT)   1.95 f       1.85           0.00    -0.11   clk      func_slow
m32/acc_out_reg_12_/D (SDFFX1_LVT)   2.02 r       1.91           0.00    -0.10   clk      func_slow
m13/acc_out_reg_17_/D (SDFFX1_LVT)   1.98 f       1.87           0.00    -0.10   clk      func_slow
m21/acc_out_reg_13_/D (SDFFX1_LVT)   2.00 f       1.90           0.00    -0.10   clk      func_slow
m02/acc_out_reg_13_/D (SDFFX1_LVT)   2.00 r       1.90           0.00    -0.10   clk      func_slow
m32/acc_out_reg_15_/D (SDFFX1_LVT)   1.99 f       1.89           0.00    -0.10   clk      func_slow
m22/acc_out_reg_17_/D (SDFFX1_LVT)   1.97 f       1.88           0.00    -0.09   clk      func_slow
m22/acc_out_reg_12_/D (SDFFX1_LVT)   1.97 f       1.88           0.00    -0.09   clk      func_slow
m23/acc_out_reg_13_/D (SDFFX1_LVT)   1.96 f       1.87           0.00    -0.09   clk      func_slow
m02/acc_out_reg_15_/D (SDFFX1_LVT)   2.00 r       1.90           0.00    -0.09   clk      func_slow
m12/acc_out_reg_17_/D (SDFFX1_LVT)   1.97 f       1.88           0.00    -0.09   clk      func_slow
m23/acc_out_reg_11_/D (SDFFX2_LVT)   1.94 f       1.85           0.00    -0.09   clk      func_slow
m11/acc_out_reg_13_/D (SDFFX1_LVT)   2.00 r       1.91           0.00    -0.09   clk      func_slow
m23/acc_out_reg_15_/D (SDFFX1_LVT)   1.96 f       1.87           0.00    -0.08   clk      func_slow
m31/acc_out_reg_13_/D (SDFFX1_LVT)   2.00 r       1.92           0.00    -0.08   clk      func_slow
m23/acc_out_reg_12_/D (SDFFX2_LVT)   1.94 f       1.85           0.00    -0.08   clk      func_slow
m31/acc_out_reg_12_/D (SDFFX2_LVT)   1.98 r       1.89           0.00    -0.08   clk      func_slow
m11/acc_out_reg_15_/D (SDFFX2_LVT)   1.97 r       1.89           0.00    -0.08   clk      func_slow
m10/acc_out_reg_14_/D (SDFFX1_LVT)   1.96 f       1.89           0.00    -0.08   clk      func_slow
m02/acc_out_reg_11_/D (SDFFX1_RVT)   1.86 f       1.79           0.00    -0.08   clk      func_slow
m02/acc_out_reg_16_/D (SDFFX1_LVT)   1.95 f       1.87           0.00    -0.08   clk      func_slow
m31/acc_out_reg_14_/D (SDFFX1_LVT)   1.99 r       1.92           0.00    -0.08   clk      func_slow
m21/acc_out_reg_16_/D (SDFFX1_LVT)   1.96 f       1.89           0.00    -0.08   clk      func_slow
m12/acc_out_reg_11_/D (SDFFX1_LVT)   1.95 f       1.88           0.00    -0.07   clk      func_slow
m02/acc_out_reg_12_/D (SDFFX2_LVT)   1.96 r       1.88           0.00    -0.07   clk      func_slow
m03/acc_out_reg_15_/D (SDFFX2_LVT)   1.93 f       1.85           0.00    -0.07   clk      func_slow
m11/acc_out_reg_14_/D (SDFFX1_LVT)   1.99 r       1.91           0.00    -0.07   clk      func_slow
m13/acc_out_reg_12_/D (SDFFX1_LVT)   1.98 r       1.90           0.00    -0.07   clk      func_slow
m13/acc_out_reg_11_/D (SDFFX1_RVT)   1.86 f       1.78           0.00    -0.07   clk      func_slow
m13/acc_out_reg_18_/D (SDFFX2_LVT)   1.92 f       1.85           0.00    -0.07   clk      func_slow
m22/acc_out_reg_8_/D (SDFFX1_RVT)   1.86 f        1.78           0.00    -0.07   clk      func_slow
m33/acc_out_reg_14_/D (SDFFX1_LVT)   1.99 r       1.92           0.00    -0.07   clk      func_slow
m12/acc_out_reg_3_/D (SDFFX2_LVT)   1.92 f        1.85           0.00    -0.07   clk      func_slow
m22/acc_out_reg_11_/D (SDFFX1_RVT)   1.86 f       1.79           0.00    -0.07   clk      func_slow
m03/acc_out_reg_14_/D (SDFFX1_LVT)   1.96 f       1.89           0.00    -0.07   clk      func_slow
m10/acc_out_reg_12_/D (SDFFX1_LVT)   1.98 r       1.91           0.00    -0.07   clk      func_slow
m33/acc_out_reg_13_/D (SDFFX2_LVT)   1.96 r       1.89           0.00    -0.07   clk      func_slow
m31/acc_out_reg_11_/D (SDFFX1_RVT)   1.87 f       1.80           0.00    -0.07   clk      func_slow
m30/acc_out_reg_12_/D (SDFFX2_LVT)   1.96 r       1.90           0.00    -0.07   clk      func_slow
m11/acc_out_reg_11_/D (SDFFX1_LVT)   1.98 r       1.91           0.00    -0.07   clk      func_slow
m01/acc_out_reg_16_/D (SDFFX1_RVT)   1.84 f       1.78           0.00    -0.07   clk      func_slow
m22/acc_out_reg_10_/D (SDFFX2_LVT)   1.92 f       1.85           0.00    -0.07   clk      func_slow
m23/acc_out_reg_18_/D (SDFFX1_RVT)   1.85 f       1.79           0.00    -0.06   clk      func_slow
m12/acc_out_reg_6_/D (SDFFX1_RVT)   1.85 f        1.78           0.00    -0.06   clk      func_slow
m32/acc_out_reg_16_/D (SDFFX1_LVT)   1.97 r       1.91           0.00    -0.06   clk      func_slow
m12/acc_out_reg_9_/D (SDFFX2_LVT)   1.92 f        1.86           0.00    -0.06   clk      func_slow
m22/acc_out_reg_7_/D (SDFFX2_LVT)   1.91 f        1.85           0.00    -0.06   clk      func_slow
m01/acc_out_reg_14_/D (SDFFX1_LVT)   1.99 r       1.92           0.01    -0.06   clk      func_slow
m31/acc_out_reg_8_/D (SDFFX2_LVT)   1.92 f        1.85           0.00    -0.06   clk      func_slow
m02/acc_out_reg_9_/D (SDFFX1_RVT)   1.84 f        1.78           0.00    -0.06   clk      func_slow
m21/acc_out_reg_15_/D (SDFFX1_LVT)   1.95 f       1.89           0.00    -0.06   clk      func_slow
m33/acc_out_reg_11_/D (SDFFX1_LVT)   1.95 f       1.89           0.00    -0.06   clk      func_slow
m31/acc_out_reg_10_/D (SDFFX2_LVT)   1.94 r       1.88           0.00    -0.06   clk      func_slow
m02/acc_out_reg_17_/D (SDFFX2_LVT)   1.90 f       1.85           0.00    -0.06   clk      func_slow
m30/acc_out_reg_14_/D (SDFFX1_LVT)   1.95 f       1.90           0.00    -0.06   clk      func_slow
m30/acc_out_reg_13_/D (SDFFX1_LVT)   1.97 r       1.92           0.00    -0.06   clk      func_slow
m11/acc_out_reg_9_/D (SDFFX1_RVT)   1.86 f        1.80           0.00    -0.06   clk      func_slow
m23/acc_out_reg_10_/D (SDFFX2_LVT)   1.90 f       1.85           0.00    -0.06   clk      func_slow
m20/acc_out_reg_13_/D (SDFFX1_LVT)   1.97 r       1.91           0.00    -0.06   clk      func_slow
m33/acc_out_reg_17_/D (SDFFX2_LVT)   1.95 r       1.89           0.00    -0.06   clk      func_slow
m31/acc_out_reg_15_/D (SDFFX2_LVT)   1.91 f       1.85           0.00    -0.06   clk      func_slow
m33/acc_out_reg_16_/D (SDFFX2_LVT)   1.95 r       1.89           0.00    -0.06   clk      func_slow
m32/acc_out_reg_17_/D (SDFFX1_LVT)   1.94 f       1.89           0.00    -0.06   clk      func_slow
m13/acc_out_reg_9_/D (SDFFX1_RVT)   1.83 f        1.78           0.00    -0.05   clk      func_slow
m23/acc_out_reg_17_/D (SDFFX2_LVT)   1.93 r       1.88           0.00    -0.05   clk      func_slow
m03/acc_out_reg_11_/D (SDFFX1_RVT)   1.84 f       1.78           0.00    -0.05   clk      func_slow
m23/acc_out_reg_16_/D (SDFFX2_LVT)   1.92 f       1.87           0.00    -0.05   clk      func_slow
m22/acc_out_reg_9_/D (SDFFX1_RVT)   1.84 f        1.79           0.00    -0.05   clk      func_slow
m20/acc_out_reg_14_/D (SDFFX1_LVT)   1.95 f       1.89           0.00    -0.05   clk      func_slow
m03/acc_out_reg_10_/D (SDFFX2_RVT)   1.82 f       1.77           0.00    -0.05   clk      func_slow
m03/acc_out_reg_8_/D (SDFFX1_RVT)   1.83 f        1.77           0.00    -0.05   clk      func_slow
m01/acc_out_reg_11_/D (SDFFX2_LVT)   1.93 f       1.87           0.01    -0.05   clk      func_slow
m01/acc_out_reg_15_/D (SDFFX2_LVT)   1.91 f       1.86           0.01    -0.05   clk      func_slow
m21/acc_out_reg_11_/D (SDFFX2_LVT)   1.94 r       1.89           0.00    -0.05   clk      func_slow
m21/acc_out_reg_12_/D (SDFFX2_LVT)   1.92 f       1.87           0.00    -0.05   clk      func_slow
m03/acc_out_reg_16_/D (SDFFX1_LVT)   1.93 f       1.88           0.00    -0.05   clk      func_slow
m01/acc_out_reg_13_/D (SDFFX2_LVT)   1.92 f       1.88           0.01    -0.05   clk      func_slow
m11/acc_out_reg_10_/D (SDFFX2_LVT)   1.91 f       1.86           0.00    -0.05   clk      func_slow
m11/acc_out_reg_12_/D (SDFFX1_LVT)   1.96 r       1.92           0.00    -0.05   clk      func_slow
m30/acc_out_reg_10_/D (SDFFX1_RVT)   1.85 f       1.81           0.00    -0.05   clk      func_slow
m11/acc_out_reg_16_/D (SDFFX2_LVT)   1.90 f       1.85           0.00    -0.05   clk      func_slow
m20/acc_out_reg_12_/D (SDFFX1_LVT)   1.96 r       1.91           0.00    -0.05   clk      func_slow
m03/acc_out_reg_13_/D (SDFFX1_LVT)   1.94 f       1.89           0.00    -0.05   clk      func_slow
m33/acc_out_reg_15_/D (SDFFX2_LVT)   1.91 f       1.86           0.00    -0.04   clk      func_slow
m03/acc_out_reg_12_/D (SDFFX2_LVT)   1.90 f       1.85           0.00    -0.04   clk      func_slow
m12/acc_out_reg_8_/D (SDFFX1_RVT)   1.82 f        1.78           0.00    -0.04   clk      func_slow
m13/acc_out_reg_10_/D (SDFFX2_LVT)   1.92 f       1.88           0.01    -0.04   clk      func_slow
m32/acc_out_reg_9_/D (SDFFX1_RVT)   1.84 f        1.80           0.00    -0.04   clk      func_slow
m23/acc_out_reg_8_/D (SDFFX1_RVT)   1.80 f        1.76           0.00    -0.04   clk      func_slow
m31/acc_out_reg_9_/D (SDFFX1_RVT)   1.86 r        1.82           0.00    -0.04   clk      func_slow
m30/acc_out_reg_11_/D (SDFFX2_LVT)   1.94 r       1.90           0.00    -0.04   clk      func_slow
m02/acc_out_reg_10_/D (SDFFX1_RVT)   1.82 f       1.78           0.00    -0.04   clk      func_slow
m01/acc_out_reg_12_/D (SDFFX1_LVT)   1.94 f       1.90           0.01    -0.04   clk      func_slow
m10/acc_out_reg_11_/D (SDFFX1_RVT)   1.83 f       1.79           0.00    -0.04   clk      func_slow
m33/acc_out_reg_7_/D (SDFFX1_RVT)   1.83 f        1.80           0.00    -0.04   clk      func_slow
m21/acc_out_reg_9_/D (SDFFX1_RVT)   1.85 f        1.81           0.00    -0.04   clk      func_slow
m33/acc_out_reg_12_/D (SDFFX2_LVT)   1.91 r       1.87           0.00    -0.04   clk      func_slow
m03/acc_out_reg_17_/D (SDFFX1_LVT)   1.93 f       1.89           0.00    -0.04   clk      func_slow
m20/acc_out_reg_9_/D (SDFFX1_RVT)   1.84 r        1.80           0.00    -0.03   clk      func_slow
m11/acc_out_reg_0_/D (SDFFX2_LVT)   1.91 r        1.88           0.00    -0.03   clk      func_slow
m23/acc_out_reg_9_/D (SDFFX2_RVT)   1.83 f        1.79           0.01    -0.03   clk      func_slow
m13/acc_out_reg_8_/D (SDFFX1_RVT)   1.85 f        1.81           0.01    -0.03   clk      func_slow
m33/acc_out_reg_10_/D (SDFFX2_LVT)   1.88 f       1.85           0.00    -0.03   clk      func_slow
m32/acc_out_reg_3_/D (SDFFX2_LVT)   1.89 f        1.86           0.00    -0.03   clk      func_slow
m33/acc_out_reg_9_/D (SDFFX1_RVT)   1.84 f        1.81           0.00    -0.03   clk      func_slow
m31/acc_out_reg_6_/D (SDFFX2_LVT)   1.89 f        1.86           0.00    -0.03   clk      func_slow
m21/acc_out_reg_8_/D (SDFFX1_RVT)   1.83 f        1.80           0.00    -0.03   clk      func_slow
m01/acc_out_reg_9_/D (SDFFX1_RVT)   1.84 f        1.81           0.01    -0.03   clk      func_slow
m21/acc_out_reg_5_/D (SDFFX1_RVT)   1.83 f        1.80           0.00    -0.03   clk      func_slow
m33/acc_out_reg_18_/D (SDFFX1_RVT)   1.83 f       1.80           0.00    -0.03   clk      func_slow
m01/acc_out_reg_10_/D (SDFFX1_RVT)   1.84 f       1.81           0.01    -0.03   clk      func_slow
acc_out_reg_99_/D (SDFFX1_RVT)     1.65 r         1.62           0.00    -0.03   clk      func_slow
acc_out_reg_103_/D (SDFFX1_RVT)    1.65 r         1.62           0.00    -0.03   clk      func_slow
m12/acc_out_reg_7_/D (SDFFX1_RVT)   1.81 f        1.78           0.00    -0.03   clk      func_slow
m30/acc_out_reg_15_/D (SDFFX1_RVT)   1.83 f       1.80           0.00    -0.02   clk      func_slow
m03/acc_out_reg_7_/D (SDFFX1_RVT)   1.80 f        1.78           0.00    -0.02   clk      func_slow
m30/acc_out_reg_9_/D (SDFFX1_RVT)   1.82 f        1.80           0.00    -0.02   clk      func_slow
m10/acc_out_reg_10_/D (SDFFX1_RVT)   1.82 f       1.80           0.00    -0.02   clk      func_slow
m33/acc_out_reg_8_/D (SDFFX1_RVT)   1.80 f        1.78           0.00    -0.02   clk      func_slow
m32/acc_out_reg_10_/D (SDFFX1_RVT)   1.82 f       1.80           0.00    -0.02   clk      func_slow
m11/acc_out_reg_5_/D (SDFFX2_LVT)   1.88 f        1.86           0.00    -0.02   clk      func_slow
m20/acc_out_reg_11_/D (SDFFX2_LVT)   1.88 f       1.86           0.00    -0.02   clk      func_slow
m21/acc_out_reg_7_/D (SDFFX1_RVT)   1.83 f        1.81           0.00    -0.02   clk      func_slow
m03/acc_out_reg_6_/D (SDFFX1_RVT)   1.79 f        1.77           0.00    -0.02   clk      func_slow
m32/acc_out_reg_11_/D (SDFFX1_RVT)   1.81 f       1.80           0.00    -0.02   clk      func_slow
m30/acc_out_reg_7_/D (SDFFX1_RVT)   1.82 f        1.80           0.00    -0.02   clk      func_slow
m20/acc_out_reg_7_/D (SDFFX2_LVT)   1.85 f        1.84           0.00    -0.01   clk      func_slow
m31/acc_out_reg_16_/D (SDFFX2_LVT)   1.87 f       1.86           0.00    -0.01   clk      func_slow
m21/acc_out_reg_10_/D (SDFFX1_RVT)   1.86 r       1.84           0.00    -0.01   clk      func_slow
m01/acc_out_reg_7_/D (SDFFX1_RVT)   1.82 f        1.81           0.01    -0.01   clk      func_slow
m23/acc_out_reg_3_/D (SDFFX2_RVT)   1.78 f        1.77           0.00    -0.01   clk      func_slow
m11/acc_out_reg_8_/D (SDFFX1_RVT)   1.80 f        1.79           0.00    -0.01   clk      func_slow
m10/acc_out_reg_8_/D (SDFFX1_RVT)   1.80 f        1.80           0.00    -0.01   clk      func_slow
m03/acc_out_reg_18_/D (SDFFX2_LVT)   1.87 f       1.86           0.00    -0.01   clk      func_slow
m21/acc_out_reg_6_/D (SDFFX1_RVT)   1.81 f        1.80           0.00    -0.01   clk      func_slow
m10/acc_out_reg_15_/D (SDFFX2_LVT)   1.85 f       1.85           0.00    -0.01   clk      func_slow
m13/acc_out_reg_6_/D (SDFFX1_RVT)   1.81 f        1.81           0.01    -0.00   clk      func_slow
m01/acc_out_reg_6_/D (SDFFX1_RVT)   1.81 f        1.80           0.01    -0.00   clk      func_slow
m32/acc_out_reg_5_/D (SDFFX1_RVT)   1.80 f        1.80           0.00    -0.00   clk      func_slow
m23/acc_out_reg_5_/D (SDFFX2_RVT)   1.77 f        1.77           0.00    -0.00   clk      func_slow
m20/acc_out_reg_15_/D (SDFFX2_LVT)   1.86 f       1.86           0.00    -0.00   clk      func_slow

   early_timing
   -----------

Information: Timer using 'SI, Timing Window Analysis, CRPR'. (TIM-050)
Endpoint                         Path Delay     Path Required       CRP    Slack Group    Scenario
----------------------------------------------------------------------------------------------------------
No paths.

   Mode: func Corner: slow
   Scenario: func_slow
   max_transition                                                              
                             Required        Actual                            
   Net                      Transition     Transition        Slack  Violation  
  ---------------------------------------------------------------------------
   acc_temp[431]                0.11           0.11           0.00  (MET)      

  ---------------------------------------------------------------------------
   Number of max_transition violation(s): 0

   Mode: func Corner: slow
   Scenario: func_slow
   max_capacitance                                                             
                             Required        Actual                            
   Net                      Capacitance    Capacitance       Slack  Violation  
  ---------------------------------------------------------------------------
   m03/N50                      8.00           8.07          -0.07  (VIOLATED) 
     PIN : m03/U169/Y           8.00           8.07          -0.07  (VIOLATED) 

  ---------------------------------------------------------------------------
   Number of max_capacitance violation(s): 1


   Mode: func Corner: slow
   Scenario: func_slow
  ---------------------------------------------------------------------------
   Number of min_capacitance violation(s): 0

  Mode: func
  Corner: slow
  Scenario: func_slow

  ---------------------------------------------------------------------------
   Number of min_pulse_width violation(s): 0
   Total number of violation(s): 1
1
