****************************************
Report : constraint
        -all_violators
Design : MMU
Version: V-2023.12
Date   : Wed Jun 11 21:52:10 2025
****************************************

   late_timing
   -----------

Information: Timer using 'SI, Timing Window Analysis, CRPR'. (TIM-050)
Endpoint                         Path Delay     Path Required       CRP    Slack Group    Scenario
----------------------------------------------------------------------------------------------------------
m22/acc_out_reg_13_/D (SDFFX1_LVT)   1.98 f       1.87           0.00    -0.11   clk      func_slow
m22/acc_out_reg_14_/D (SDFFX1_LVT)   1.98 f       1.87           0.00    -0.11   clk      func_slow
m21/acc_out_reg_14_/D (SDFFX1_LVT)   1.99 r       1.92           0.01    -0.07   clk      func_slow
m12/acc_out_reg_14_/D (SDFFX1_LVT)   1.94 f       1.87           0.00    -0.07   clk      func_slow
m32/acc_out_reg_14_/D (SDFFX1_LVT)   1.95 f       1.88           0.00    -0.07   clk      func_slow
m12/acc_out_reg_15_/D (SDFFX1_LVT)   1.93 f       1.87           0.00    -0.06   clk      func_slow
m32/acc_out_reg_13_/D (SDFFX1_LVT)   1.97 r       1.92           0.01    -0.05   clk      func_slow
m10/acc_out_reg_13_/D (SDFFX1_LVT)   1.93 f       1.88           0.00    -0.05   clk      func_slow
m22/acc_out_reg_15_/D (SDFFX1_LVT)   1.92 f       1.87           0.00    -0.05   clk      func_slow
m12/acc_out_reg_12_/D (SDFFX1_LVT)   1.91 f       1.87           0.00    -0.04   clk      func_slow
m23/acc_out_reg_13_/D (SDFFX1_LVT)   1.90 f       1.86           0.00    -0.04   clk      func_slow
m23/acc_out_reg_12_/D (SDFFX2_LVT)   1.88 f       1.84           0.00    -0.03   clk      func_slow
m13/acc_out_reg_14_/D (SDFFX1_LVT)   1.91 f       1.87           0.00    -0.03   clk      func_slow
m02/acc_out_reg_14_/D (SDFFX1_LVT)   1.93 r       1.90           0.00    -0.03   clk      func_slow
m22/acc_out_reg_16_/D (SDFFX1_LVT)   1.90 f       1.87           0.00    -0.03   clk      func_slow
m21/acc_out_reg_13_/D (SDFFX1_LVT)   1.92 f       1.89           0.00    -0.03   clk      func_slow
m23/acc_out_reg_14_/D (SDFFX2_LVT)   1.87 f       1.84           0.00    -0.03   clk      func_slow
m13/acc_out_reg_13_/D (SDFFX1_LVT)   1.90 f       1.87           0.00    -0.03   clk      func_slow
m32/acc_out_reg_15_/D (SDFFX1_LVT)   1.92 f       1.89           0.01    -0.03   clk      func_slow
m32/acc_out_reg_12_/D (SDFFX1_LVT)   1.94 r       1.91           0.01    -0.03   clk      func_slow
m02/acc_out_reg_13_/D (SDFFX1_LVT)   1.89 f       1.87           0.00    -0.02   clk      func_slow
m11/acc_out_reg_15_/D (SDFFX2_LVT)   1.87 f       1.85           0.00    -0.02   clk      func_slow
m12/acc_out_reg_13_/D (SDFFX1_LVT)   1.92 r       1.89           0.00    -0.02   clk      func_slow
m02/acc_out_reg_15_/D (SDFFX1_LVT)   1.91 r       1.90           0.00    -0.02   clk      func_slow
m12/acc_out_reg_11_/D (SDFFX1_LVT)   1.89 f       1.87           0.00    -0.01   clk      func_slow
m22/acc_out_reg_12_/D (SDFFX1_LVT)   1.89 f       1.87           0.00    -0.01   clk      func_slow
m13/acc_out_reg_15_/D (SDFFX1_LVT)   1.89 f       1.87           0.00    -0.01   clk      func_slow
m31/acc_out_reg_14_/D (SDFFX1_LVT)   1.92 r       1.91           0.00    -0.01   clk      func_slow
m23/acc_out_reg_11_/D (SDFFX1_LVT)   1.88 f       1.87           0.00    -0.01   clk      func_slow
m10/acc_out_reg_12_/D (SDFFX1_LVT)   1.89 f       1.88           0.00    -0.01   clk      func_slow
m21/acc_out_reg_16_/D (SDFFX1_LVT)   1.88 f       1.88           0.00    -0.01   clk      func_slow
m10/acc_out_reg_14_/D (SDFFX1_LVT)   1.88 f       1.88           0.00    -0.01   clk      func_slow
m23/acc_out_reg_15_/D (SDFFX1_LVT)   1.87 f       1.86           0.00    -0.00   clk      func_slow
m32/acc_out_reg_16_/D (SDFFX1_LVT)   1.88 f       1.87           0.00    -0.00   clk      func_slow
m03/acc_out_reg_14_/D (SDFFX1_LVT)   1.90 r       1.90           0.00    -0.00   clk      func_slow

   early_timing
   -----------

Information: Timer using 'SI, Timing Window Analysis, CRPR'. (TIM-050)
Endpoint                         Path Delay     Path Required       CRP    Slack Group    Scenario
----------------------------------------------------------------------------------------------------------
No paths.

   Mode: func Corner: slow
   Scenario: func_slow
   max_transition                                                              
                             Required        Actual                            
   Net                      Transition     Transition        Slack  Violation  
  ---------------------------------------------------------------------------
   data_out[93]                 0.13           0.13           0.00  (MET)      

  ---------------------------------------------------------------------------
   Number of max_transition violation(s): 0

   Mode: func Corner: slow
   Scenario: func_slow
  ---------------------------------------------------------------------------
   Number of max_capacitance violation(s): 0


   Mode: func Corner: slow
   Scenario: func_slow
  ---------------------------------------------------------------------------
   Number of min_capacitance violation(s): 0

  Mode: func
  Corner: slow
  Scenario: func_slow

  ---------------------------------------------------------------------------
   Number of min_pulse_width violation(s): 0
   Total number of violation(s): 0
1
