****************************************
Report : constraint
        -all_violators
Design : MMU
Version: V-2023.12
Date   : Wed Jun 11 21:49:09 2025
****************************************

   late_timing
   -----------

Information: Timer using 'SI, Timing Window Analysis, CRPR'. (TIM-050)
Endpoint                         Path Delay     Path Required       CRP    Slack Group    Scenario
----------------------------------------------------------------------------------------------------------
m22/acc_out_reg_13_/D (SDFFX1_LVT)   2.14 f       2.04           0.00    -0.10   clk      func_slow
m22/acc_out_reg_14_/D (SDFFX1_LVT)   2.14 f       2.04           0.00    -0.10   clk      func_slow
m12/acc_out_reg_15_/D (SDFFX1_LVT)   2.16 r       2.07           0.00    -0.10   clk      func_slow
m12/acc_out_reg_14_/D (SDFFX1_LVT)   2.13 f       2.04           0.00    -0.09   clk      func_slow
m32/acc_out_reg_14_/D (SDFFX1_LVT)   2.12 f       2.04           0.00    -0.08   clk      func_slow
m12/acc_out_reg_13_/D (SDFFX1_LVT)   2.12 f       2.04           0.00    -0.08   clk      func_slow
m13/acc_out_reg_14_/D (SDFFX2_LVT)   2.09 f       2.01           0.00    -0.08   clk      func_slow
m12/acc_out_reg_10_/D (SDFFX1_LVT)   2.11 f       2.03           0.00    -0.08   clk      func_slow
m32/acc_out_reg_13_/D (SDFFX1_LVT)   2.14 r       2.07           0.00    -0.07   clk      func_slow
m13/acc_out_reg_15_/D (SDFFX1_LVT)   2.11 f       2.04           0.00    -0.07   clk      func_slow
m21/acc_out_reg_14_/D (SDFFX1_LVT)   2.11 f       2.04           0.00    -0.07   clk      func_slow
m22/acc_out_reg_15_/D (SDFFX1_LVT)   2.10 f       2.04           0.00    -0.06   clk      func_slow
m12/acc_out_reg_12_/D (SDFFX1_LVT)   2.09 f       2.04           0.00    -0.05   clk      func_slow
m10/acc_out_reg_13_/D (SDFFX1_LVT)   2.09 f       2.04           0.00    -0.05   clk      func_slow
m23/acc_out_reg_14_/D (SDFFX2_LVT)   2.09 r       2.04           0.00    -0.05   clk      func_slow
m32/acc_out_reg_12_/D (SDFFX1_LVT)   2.11 r       2.06           0.00    -0.05   clk      func_slow
m22/acc_out_reg_16_/D (SDFFX1_LVT)   2.08 f       2.04           0.00    -0.05   clk      func_slow
m21/acc_out_reg_13_/D (SDFFX1_LVT)   2.08 f       2.04           0.00    -0.04   clk      func_slow
m32/acc_out_reg_15_/D (SDFFX1_LVT)   2.08 f       2.04           0.00    -0.04   clk      func_slow
m12/acc_out_reg_16_/D (SDFFX1_LVT)   2.08 f       2.04           0.00    -0.04   clk      func_slow
m02/acc_out_reg_14_/D (SDFFX1_LVT)   2.10 r       2.07           0.00    -0.04   clk      func_slow
m13/acc_out_reg_13_/D (SDFFX1_LVT)   2.07 f       2.04           0.00    -0.03   clk      func_slow
m13/acc_out_reg_16_/D (SDFFX2_LVT)   2.03 f       2.00           0.00    -0.03   clk      func_slow
m11/acc_out_reg_15_/D (SDFFX2_LVT)   2.03 f       2.00           0.00    -0.03   clk      func_slow
m11/acc_out_reg_13_/D (SDFFX1_LVT)   2.09 r       2.06           0.00    -0.03   clk      func_slow
m10/acc_out_reg_14_/D (SDFFX1_LVT)   2.06 f       2.04           0.00    -0.02   clk      func_slow
m13/acc_out_reg_17_/D (SDFFX1_LVT)   2.06 f       2.03           0.00    -0.02   clk      func_slow
m03/acc_out_reg_14_/D (SDFFX1_LVT)   2.06 f       2.04           0.00    -0.02   clk      func_slow
m23/acc_out_reg_13_/D (SDFFX1_LVT)   2.05 f       2.03           0.00    -0.02   clk      func_slow
m02/acc_out_reg_13_/D (SDFFX1_LVT)   2.09 r       2.07           0.00    -0.02   clk      func_slow
m02/acc_out_reg_15_/D (SDFFX1_LVT)   2.09 r       2.07           0.00    -0.02   clk      func_slow
m23/acc_out_reg_11_/D (SDFFX2_LVT)   2.03 f       2.01           0.00    -0.02   clk      func_slow
m12/acc_out_reg_17_/D (SDFFX1_LVT)   2.05 f       2.04           0.00    -0.02   clk      func_slow
m03/acc_out_reg_15_/D (SDFFX2_LVT)   2.03 f       2.01           0.00    -0.01   clk      func_slow
m21/acc_out_reg_16_/D (SDFFX1_LVT)   2.05 f       2.03           0.00    -0.01   clk      func_slow
m11/acc_out_reg_14_/D (SDFFX1_LVT)   2.08 r       2.06           0.00    -0.01   clk      func_slow
m23/acc_out_reg_12_/D (SDFFX2_LVT)   2.02 f       2.01           0.00    -0.01   clk      func_slow
m11/acc_out_reg_9_/D (SDFFX1_RVT)   1.95 f        1.94           0.00    -0.01   clk      func_slow
m23/acc_out_reg_15_/D (SDFFX1_LVT)   2.04 f       2.03           0.00    -0.01   clk      func_slow
m10/acc_out_reg_12_/D (SDFFX1_LVT)   2.05 f       2.04           0.00    -0.01   clk      func_slow
m32/acc_out_reg_16_/D (SDFFX1_LVT)   2.04 f       2.03           0.00    -0.01   clk      func_slow
m22/acc_out_reg_17_/D (SDFFX1_LVT)   2.04 f       2.03           0.00    -0.01   clk      func_slow
m23/acc_out_reg_18_/D (SDFFX1_RVT)   1.95 f       1.94           0.00    -0.01   clk      func_slow
m02/acc_out_reg_16_/D (SDFFX1_LVT)   2.04 f       2.03           0.00    -0.01   clk      func_slow
m31/acc_out_reg_12_/D (SDFFX2_LVT)   2.05 r       2.04           0.00    -0.01   clk      func_slow
m22/acc_out_reg_12_/D (SDFFX1_LVT)   2.05 f       2.04           0.00    -0.01   clk      func_slow
m01/acc_out_reg_14_/D (SDFFX1_LVT)   2.05 f       2.04           0.00    -0.01   clk      func_slow
m01/acc_out_reg_11_/D (SDFFX2_LVT)   2.02 f       2.01           0.00    -0.01   clk      func_slow
m11/acc_out_reg_11_/D (SDFFX1_LVT)   2.07 r       2.06           0.00    -0.01   clk      func_slow
m21/acc_out_reg_15_/D (SDFFX1_LVT)   2.04 f       2.04           0.00    -0.01   clk      func_slow
m02/acc_out_reg_12_/D (SDFFX2_LVT)   2.02 f       2.01           0.00    -0.01   clk      func_slow
m31/acc_out_reg_13_/D (SDFFX1_LVT)   2.07 r       2.07           0.00    -0.01   clk      func_slow
m33/acc_out_reg_13_/D (SDFFX2_LVT)   2.04 r       2.04           0.00    -0.00   clk      func_slow
m23/acc_out_reg_16_/D (SDFFX2_LVT)   2.01 f       2.00           0.00    -0.00   clk      func_slow
m02/acc_out_reg_11_/D (SDFFX1_RVT)   1.94 f       1.94           0.00    -0.00   clk      func_slow
m31/acc_out_reg_11_/D (SDFFX1_RVT)   1.94 f       1.94           0.00    -0.00   clk      func_slow
m12/acc_out_reg_9_/D (SDFFX2_LVT)   2.00 f        2.00           0.00    -0.00   clk      func_slow
m33/acc_out_reg_14_/D (SDFFX1_LVT)   2.07 r       2.07           0.00    -0.00   clk      func_slow
m32/acc_out_reg_17_/D (SDFFX1_LVT)   2.04 f       2.03           0.00    -0.00   clk      func_slow
m01/acc_out_reg_15_/D (SDFFX2_LVT)   2.00 f       2.00           0.00    -0.00   clk      func_slow
m20/acc_out_reg_14_/D (SDFFX1_LVT)   2.04 f       2.03           0.00    -0.00   clk      func_slow
m03/acc_out_reg_17_/D (SDFFX1_LVT)   2.04 f       2.04           0.00    -0.00   clk      func_slow
m03/acc_out_reg_16_/D (SDFFX1_LVT)   2.03 f       2.03           0.00    -0.00   clk      func_slow
m12/acc_out_reg_11_/D (SDFFX1_LVT)   2.04 f       2.04           0.00    -0.00   clk      func_slow
m20/acc_out_reg_13_/D (SDFFX1_LVT)   2.03 f       2.03           0.00    -0.00   clk      func_slow
m31/acc_out_reg_8_/D (SDFFX2_LVT)   2.00 f        2.00           0.00    -0.00   clk      func_slow
m03/acc_out_reg_13_/D (SDFFX1_LVT)   2.04 f       2.04           0.00    -0.00   clk      func_slow

   early_timing
   -----------

Information: Timer using 'SI, Timing Window Analysis, CRPR'. (TIM-050)
Endpoint                         Path Delay     Path Required       CRP    Slack Group    Scenario
----------------------------------------------------------------------------------------------------------
No paths.

   Mode: func Corner: slow
   Scenario: func_slow
  ---------------------------------------------------------------------------
   Number of max_transition violation(s): 0

   Mode: func Corner: slow
   Scenario: func_slow
  ---------------------------------------------------------------------------
   Number of max_capacitance violation(s): 0


   Mode: func Corner: slow
   Scenario: func_slow
  ---------------------------------------------------------------------------
   Number of min_capacitance violation(s): 0

  Mode: func
  Corner: slow
  Scenario: func_slow

  ---------------------------------------------------------------------------
   Number of min_pulse_width violation(s): 0
   Total number of violation(s): 0
1
