****************************************
Report : qor
Design : MMU
Version: V-2023.12
Date   : Wed Jun 11 21:52:10 2025
****************************************
Information: Timer using 'SI, Timing Window Analysis, CRPR'. (TIM-050)


Scenario           'func_slow'
Timing Path Group  'clk'
----------------------------------------
Levels of Logic:                     15
Critical Path Length:              1.86
Critical Path Slack:              -0.11
Critical Path Clk Period:          2.00
Total Negative Slack:             -1.16
No. of Violating Paths:              35
Worst Hold Violation:              0.00
Total Hold Violation:              0.00
No. of Hold Violations:               0
----------------------------------------


Cell Count
----------------------------------------
Hierarchical Cell Count:             16
Hierarchical Port Count:           1708
Leaf Cell Count:                   5807
Buf/Inv Cell Count:                 883
Buf Cell Count:                     289
Inv Cell Count:                     594
Combinational Cell Count:          5259
   Single-bit Isolation Cell Count:                        0
   Multi-bit Isolation Cell Count:                         0
   Isolation Cell Banking Ratio:                           0.00%
   Single-bit Level Shifter Cell Count:                    0
   Multi-bit Level Shifter Cell Count:                     0
   Level Shifter Cell Banking Ratio:                       0.00%
   Single-bit ELS Cell Count:                              0
   Multi-bit ELS Cell Count:                               0
   ELS Cell Banking Ratio:                                 0.00%
Sequential Cell Count:              548
   Integrated Clock-Gating Cell Count:                     0
   Sequential Macro Cell Count:                            0
   Single-bit Sequential Cell Count:                       548
   Multi-bit Sequential Cell Count:                        0
   Sequential Cell Banking Ratio:                          0.00%
   BitsPerflop:                                            1.00
Macro Count:                          0
----------------------------------------


Area
----------------------------------------
Combinational Area:            14816.34
Noncombinational Area:          4834.33
Buf/Inv Area:                   1737.33
Total Buffer Area:               892.30
Total Inverter Area:             845.03
Macro/Black Box Area:              0.00
Net Area:                             0
Net XLength:                   85758.91
Net YLength:                   51169.00
----------------------------------------
Cell Area (netlist):                          19650.67
Cell Area (netlist and physical only):        20591.00
Net Length:                   136927.91


Design Rules
----------------------------------------
Total Number of Nets:              6550
Nets with Violations:                 0
Max Trans Violations:                 0
Max Cap Violations:                   0
----------------------------------------

1
