Warning: Design 'MMU' has '1' unresolved references. For more detailed information, use the "link" command. (UID-341)
 
****************************************
check_design summary:
Version:     Q-2019.12-SP3
Date:        Sat Jun  7 00:17:16 2025
****************************************

                   Name                                            Total
--------------------------------------------------------------------------------
Inputs/Outputs                                                    259
    Multiply driven inputs (LINT-6)                                67
    Unconnected ports (LINT-28)                                   192

Nets                                                                1
    Multiply driven net with constant driver (LINT-54)              1

Tristate                                                            1
    A tristate bus has a non tri-state driver (LINT-34)             1
--------------------------------------------------------------------------------

Warning: In design 'MMU', input port 'clk' drives wired logic; the port direction may have been specified incorrectly. (LINT-6)
Warning: In design 'MMU', input port 'control' drives wired logic; the port direction may have been specified incorrectly. (LINT-6)
Warning: In design 'MMU', input port 'reset' drives wired logic; the port direction may have been specified incorrectly. (LINT-6)
Warning: In design 'MMU', input port 'data_arr[31]' drives wired logic; the port direction may have been specified incorrectly. (LINT-6)
Warning: In design 'MMU', input port 'data_arr[30]' drives wired logic; the port direction may have been specified incorrectly. (LINT-6)
Warning: In design 'MMU', input port 'data_arr[29]' drives wired logic; the port direction may have been specified incorrectly. (LINT-6)
Warning: In design 'MMU', input port 'data_arr[28]' drives wired logic; the port direction may have been specified incorrectly. (LINT-6)
Warning: In design 'MMU', input port 'data_arr[27]' drives wired logic; the port direction may have been specified incorrectly. (LINT-6)
Warning: In design 'MMU', input port 'data_arr[26]' drives wired logic; the port direction may have been specified incorrectly. (LINT-6)
Warning: In design 'MMU', input port 'data_arr[25]' drives wired logic; the port direction may have been specified incorrectly. (LINT-6)
Warning: In design 'MMU', input port 'data_arr[24]' drives wired logic; the port direction may have been specified incorrectly. (LINT-6)
Warning: In design 'MMU', input port 'data_arr[23]' drives wired logic; the port direction may have been specified incorrectly. (LINT-6)
Warning: In design 'MMU', input port 'data_arr[22]' drives wired logic; the port direction may have been specified incorrectly. (LINT-6)
Warning: In design 'MMU', input port 'data_arr[21]' drives wired logic; the port direction may have been specified incorrectly. (LINT-6)
Warning: In design 'MMU', input port 'data_arr[20]' drives wired logic; the port direction may have been specified incorrectly. (LINT-6)
Warning: In design 'MMU', input port 'data_arr[19]' drives wired logic; the port direction may have been specified incorrectly. (LINT-6)
Warning: In design 'MMU', input port 'data_arr[18]' drives wired logic; the port direction may have been specified incorrectly. (LINT-6)
Warning: In design 'MMU', input port 'data_arr[17]' drives wired logic; the port direction may have been specified incorrectly. (LINT-6)
Warning: In design 'MMU', input port 'data_arr[16]' drives wired logic; the port direction may have been specified incorrectly. (LINT-6)
Warning: In design 'MMU', input port 'data_arr[15]' drives wired logic; the port direction may have been specified incorrectly. (LINT-6)
Warning: In design 'MMU', input port 'data_arr[14]' drives wired logic; the port direction may have been specified incorrectly. (LINT-6)
Warning: In design 'MMU', input port 'data_arr[13]' drives wired logic; the port direction may have been specified incorrectly. (LINT-6)
Warning: In design 'MMU', input port 'data_arr[12]' drives wired logic; the port direction may have been specified incorrectly. (LINT-6)
Warning: In design 'MMU', input port 'data_arr[11]' drives wired logic; the port direction may have been specified incorrectly. (LINT-6)
Warning: In design 'MMU', input port 'data_arr[10]' drives wired logic; the port direction may have been specified incorrectly. (LINT-6)
Warning: In design 'MMU', input port 'data_arr[9]' drives wired logic; the port direction may have been specified incorrectly. (LINT-6)
Warning: In design 'MMU', input port 'data_arr[8]' drives wired logic; the port direction may have been specified incorrectly. (LINT-6)
Warning: In design 'MMU', input port 'data_arr[7]' drives wired logic; the port direction may have been specified incorrectly. (LINT-6)
Warning: In design 'MMU', input port 'data_arr[6]' drives wired logic; the port direction may have been specified incorrectly. (LINT-6)
Warning: In design 'MMU', input port 'data_arr[5]' drives wired logic; the port direction may have been specified incorrectly. (LINT-6)
Warning: In design 'MMU', input port 'data_arr[4]' drives wired logic; the port direction may have been specified incorrectly. (LINT-6)
Warning: In design 'MMU', input port 'data_arr[3]' drives wired logic; the port direction may have been specified incorrectly. (LINT-6)
Warning: In design 'MMU', input port 'data_arr[2]' drives wired logic; the port direction may have been specified incorrectly. (LINT-6)
Warning: In design 'MMU', input port 'data_arr[1]' drives wired logic; the port direction may have been specified incorrectly. (LINT-6)
Warning: In design 'MMU', input port 'data_arr[0]' drives wired logic; the port direction may have been specified incorrectly. (LINT-6)
Warning: In design 'MMU', input port 'wt_arr[31]' drives wired logic; the port direction may have been specified incorrectly. (LINT-6)
Warning: In design 'MMU', input port 'wt_arr[30]' drives wired logic; the port direction may have been specified incorrectly. (LINT-6)
Warning: In design 'MMU', input port 'wt_arr[29]' drives wired logic; the port direction may have been specified incorrectly. (LINT-6)
Warning: In design 'MMU', input port 'wt_arr[28]' drives wired logic; the port direction may have been specified incorrectly. (LINT-6)
Warning: In design 'MMU', input port 'wt_arr[27]' drives wired logic; the port direction may have been specified incorrectly. (LINT-6)
Warning: In design 'MMU', input port 'wt_arr[26]' drives wired logic; the port direction may have been specified incorrectly. (LINT-6)
Warning: In design 'MMU', input port 'wt_arr[25]' drives wired logic; the port direction may have been specified incorrectly. (LINT-6)
Warning: In design 'MMU', input port 'wt_arr[24]' drives wired logic; the port direction may have been specified incorrectly. (LINT-6)
Warning: In design 'MMU', input port 'wt_arr[23]' drives wired logic; the port direction may have been specified incorrectly. (LINT-6)
Warning: In design 'MMU', input port 'wt_arr[22]' drives wired logic; the port direction may have been specified incorrectly. (LINT-6)
Warning: In design 'MMU', input port 'wt_arr[21]' drives wired logic; the port direction may have been specified incorrectly. (LINT-6)
Warning: In design 'MMU', input port 'wt_arr[20]' drives wired logic; the port direction may have been specified incorrectly. (LINT-6)
Warning: In design 'MMU', input port 'wt_arr[19]' drives wired logic; the port direction may have been specified incorrectly. (LINT-6)
Warning: In design 'MMU', input port 'wt_arr[18]' drives wired logic; the port direction may have been specified incorrectly. (LINT-6)
Warning: In design 'MMU', input port 'wt_arr[17]' drives wired logic; the port direction may have been specified incorrectly. (LINT-6)
Warning: In design 'MMU', input port 'wt_arr[16]' drives wired logic; the port direction may have been specified incorrectly. (LINT-6)
Warning: In design 'MMU', input port 'wt_arr[15]' drives wired logic; the port direction may have been specified incorrectly. (LINT-6)
Warning: In design 'MMU', input port 'wt_arr[14]' drives wired logic; the port direction may have been specified incorrectly. (LINT-6)
Warning: In design 'MMU', input port 'wt_arr[13]' drives wired logic; the port direction may have been specified incorrectly. (LINT-6)
Warning: In design 'MMU', input port 'wt_arr[12]' drives wired logic; the port direction may have been specified incorrectly. (LINT-6)
Warning: In design 'MMU', input port 'wt_arr[11]' drives wired logic; the port direction may have been specified incorrectly. (LINT-6)
Warning: In design 'MMU', input port 'wt_arr[10]' drives wired logic; the port direction may have been specified incorrectly. (LINT-6)
Warning: In design 'MMU', input port 'wt_arr[9]' drives wired logic; the port direction may have been specified incorrectly. (LINT-6)
Warning: In design 'MMU', input port 'wt_arr[8]' drives wired logic; the port direction may have been specified incorrectly. (LINT-6)
Warning: In design 'MMU', input port 'wt_arr[7]' drives wired logic; the port direction may have been specified incorrectly. (LINT-6)
Warning: In design 'MMU', input port 'wt_arr[6]' drives wired logic; the port direction may have been specified incorrectly. (LINT-6)
Warning: In design 'MMU', input port 'wt_arr[5]' drives wired logic; the port direction may have been specified incorrectly. (LINT-6)
Warning: In design 'MMU', input port 'wt_arr[4]' drives wired logic; the port direction may have been specified incorrectly. (LINT-6)
Warning: In design 'MMU', input port 'wt_arr[3]' drives wired logic; the port direction may have been specified incorrectly. (LINT-6)
Warning: In design 'MMU', input port 'wt_arr[2]' drives wired logic; the port direction may have been specified incorrectly. (LINT-6)
Warning: In design 'MMU', input port 'wt_arr[1]' drives wired logic; the port direction may have been specified incorrectly. (LINT-6)
Warning: In design 'MMU', input port 'wt_arr[0]' drives wired logic; the port direction may have been specified incorrectly. (LINT-6)
Warning: In design 'MMU', port 'data_arr[127]' is not connected to any nets. (LINT-28)
Warning: In design 'MMU', port 'data_arr[126]' is not connected to any nets. (LINT-28)
Warning: In design 'MMU', port 'data_arr[125]' is not connected to any nets. (LINT-28)
Warning: In design 'MMU', port 'data_arr[124]' is not connected to any nets. (LINT-28)
Warning: In design 'MMU', port 'data_arr[123]' is not connected to any nets. (LINT-28)
Warning: In design 'MMU', port 'data_arr[122]' is not connected to any nets. (LINT-28)
Warning: In design 'MMU', port 'data_arr[121]' is not connected to any nets. (LINT-28)
Warning: In design 'MMU', port 'data_arr[120]' is not connected to any nets. (LINT-28)
Warning: In design 'MMU', port 'data_arr[119]' is not connected to any nets. (LINT-28)
Warning: In design 'MMU', port 'data_arr[118]' is not connected to any nets. (LINT-28)
Warning: In design 'MMU', port 'data_arr[117]' is not connected to any nets. (LINT-28)
Warning: In design 'MMU', port 'data_arr[116]' is not connected to any nets. (LINT-28)
Warning: In design 'MMU', port 'data_arr[115]' is not connected to any nets. (LINT-28)
Warning: In design 'MMU', port 'data_arr[114]' is not connected to any nets. (LINT-28)
Warning: In design 'MMU', port 'data_arr[113]' is not connected to any nets. (LINT-28)
Warning: In design 'MMU', port 'data_arr[112]' is not connected to any nets. (LINT-28)
Warning: In design 'MMU', port 'data_arr[111]' is not connected to any nets. (LINT-28)
Warning: In design 'MMU', port 'data_arr[110]' is not connected to any nets. (LINT-28)
Warning: In design 'MMU', port 'data_arr[109]' is not connected to any nets. (LINT-28)
Warning: In design 'MMU', port 'data_arr[108]' is not connected to any nets. (LINT-28)
Warning: In design 'MMU', port 'data_arr[107]' is not connected to any nets. (LINT-28)
Warning: In design 'MMU', port 'data_arr[106]' is not connected to any nets. (LINT-28)
Warning: In design 'MMU', port 'data_arr[105]' is not connected to any nets. (LINT-28)
Warning: In design 'MMU', port 'data_arr[104]' is not connected to any nets. (LINT-28)
Warning: In design 'MMU', port 'data_arr[103]' is not connected to any nets. (LINT-28)
Warning: In design 'MMU', port 'data_arr[102]' is not connected to any nets. (LINT-28)
Warning: In design 'MMU', port 'data_arr[101]' is not connected to any nets. (LINT-28)
Warning: In design 'MMU', port 'data_arr[100]' is not connected to any nets. (LINT-28)
Warning: In design 'MMU', port 'data_arr[99]' is not connected to any nets. (LINT-28)
Warning: In design 'MMU', port 'data_arr[98]' is not connected to any nets. (LINT-28)
Warning: In design 'MMU', port 'data_arr[97]' is not connected to any nets. (LINT-28)
Warning: In design 'MMU', port 'data_arr[96]' is not connected to any nets. (LINT-28)
Warning: In design 'MMU', port 'data_arr[95]' is not connected to any nets. (LINT-28)
Warning: In design 'MMU', port 'data_arr[94]' is not connected to any nets. (LINT-28)
Warning: In design 'MMU', port 'data_arr[93]' is not connected to any nets. (LINT-28)
Warning: In design 'MMU', port 'data_arr[92]' is not connected to any nets. (LINT-28)
Warning: In design 'MMU', port 'data_arr[91]' is not connected to any nets. (LINT-28)
Warning: In design 'MMU', port 'data_arr[90]' is not connected to any nets. (LINT-28)
Warning: In design 'MMU', port 'data_arr[89]' is not connected to any nets. (LINT-28)
Warning: In design 'MMU', port 'data_arr[88]' is not connected to any nets. (LINT-28)
Warning: In design 'MMU', port 'data_arr[87]' is not connected to any nets. (LINT-28)
Warning: In design 'MMU', port 'data_arr[86]' is not connected to any nets. (LINT-28)
Warning: In design 'MMU', port 'data_arr[85]' is not connected to any nets. (LINT-28)
Warning: In design 'MMU', port 'data_arr[84]' is not connected to any nets. (LINT-28)
Warning: In design 'MMU', port 'data_arr[83]' is not connected to any nets. (LINT-28)
Warning: In design 'MMU', port 'data_arr[82]' is not connected to any nets. (LINT-28)
Warning: In design 'MMU', port 'data_arr[81]' is not connected to any nets. (LINT-28)
Warning: In design 'MMU', port 'data_arr[80]' is not connected to any nets. (LINT-28)
Warning: In design 'MMU', port 'data_arr[79]' is not connected to any nets. (LINT-28)
Warning: In design 'MMU', port 'data_arr[78]' is not connected to any nets. (LINT-28)
Warning: In design 'MMU', port 'data_arr[77]' is not connected to any nets. (LINT-28)
Warning: In design 'MMU', port 'data_arr[76]' is not connected to any nets. (LINT-28)
Warning: In design 'MMU', port 'data_arr[75]' is not connected to any nets. (LINT-28)
Warning: In design 'MMU', port 'data_arr[74]' is not connected to any nets. (LINT-28)
Warning: In design 'MMU', port 'data_arr[73]' is not connected to any nets. (LINT-28)
Warning: In design 'MMU', port 'data_arr[72]' is not connected to any nets. (LINT-28)
Warning: In design 'MMU', port 'data_arr[71]' is not connected to any nets. (LINT-28)
Warning: In design 'MMU', port 'data_arr[70]' is not connected to any nets. (LINT-28)
Warning: In design 'MMU', port 'data_arr[69]' is not connected to any nets. (LINT-28)
Warning: In design 'MMU', port 'data_arr[68]' is not connected to any nets. (LINT-28)
Warning: In design 'MMU', port 'data_arr[67]' is not connected to any nets. (LINT-28)
Warning: In design 'MMU', port 'data_arr[66]' is not connected to any nets. (LINT-28)
Warning: In design 'MMU', port 'data_arr[65]' is not connected to any nets. (LINT-28)
Warning: In design 'MMU', port 'data_arr[64]' is not connected to any nets. (LINT-28)
Warning: In design 'MMU', port 'data_arr[63]' is not connected to any nets. (LINT-28)
Warning: In design 'MMU', port 'data_arr[62]' is not connected to any nets. (LINT-28)
Warning: In design 'MMU', port 'data_arr[61]' is not connected to any nets. (LINT-28)
Warning: In design 'MMU', port 'data_arr[60]' is not connected to any nets. (LINT-28)
Warning: In design 'MMU', port 'data_arr[59]' is not connected to any nets. (LINT-28)
Warning: In design 'MMU', port 'data_arr[58]' is not connected to any nets. (LINT-28)
Warning: In design 'MMU', port 'data_arr[57]' is not connected to any nets. (LINT-28)
Warning: In design 'MMU', port 'data_arr[56]' is not connected to any nets. (LINT-28)
Warning: In design 'MMU', port 'data_arr[55]' is not connected to any nets. (LINT-28)
Warning: In design 'MMU', port 'data_arr[54]' is not connected to any nets. (LINT-28)
Warning: In design 'MMU', port 'data_arr[53]' is not connected to any nets. (LINT-28)
Warning: In design 'MMU', port 'data_arr[52]' is not connected to any nets. (LINT-28)
Warning: In design 'MMU', port 'data_arr[51]' is not connected to any nets. (LINT-28)
Warning: In design 'MMU', port 'data_arr[50]' is not connected to any nets. (LINT-28)
Warning: In design 'MMU', port 'data_arr[49]' is not connected to any nets. (LINT-28)
Warning: In design 'MMU', port 'data_arr[48]' is not connected to any nets. (LINT-28)
Warning: In design 'MMU', port 'data_arr[47]' is not connected to any nets. (LINT-28)
Warning: In design 'MMU', port 'data_arr[46]' is not connected to any nets. (LINT-28)
Warning: In design 'MMU', port 'data_arr[45]' is not connected to any nets. (LINT-28)
Warning: In design 'MMU', port 'data_arr[44]' is not connected to any nets. (LINT-28)
Warning: In design 'MMU', port 'data_arr[43]' is not connected to any nets. (LINT-28)
Warning: In design 'MMU', port 'data_arr[42]' is not connected to any nets. (LINT-28)
Warning: In design 'MMU', port 'data_arr[41]' is not connected to any nets. (LINT-28)
Warning: In design 'MMU', port 'data_arr[40]' is not connected to any nets. (LINT-28)
Warning: In design 'MMU', port 'data_arr[39]' is not connected to any nets. (LINT-28)
Warning: In design 'MMU', port 'data_arr[38]' is not connected to any nets. (LINT-28)
Warning: In design 'MMU', port 'data_arr[37]' is not connected to any nets. (LINT-28)
Warning: In design 'MMU', port 'data_arr[36]' is not connected to any nets. (LINT-28)
Warning: In design 'MMU', port 'data_arr[35]' is not connected to any nets. (LINT-28)
Warning: In design 'MMU', port 'data_arr[34]' is not connected to any nets. (LINT-28)
Warning: In design 'MMU', port 'data_arr[33]' is not connected to any nets. (LINT-28)
Warning: In design 'MMU', port 'data_arr[32]' is not connected to any nets. (LINT-28)
Warning: In design 'MMU', port 'wt_arr[127]' is not connected to any nets. (LINT-28)
Warning: In design 'MMU', port 'wt_arr[126]' is not connected to any nets. (LINT-28)
Warning: In design 'MMU', port 'wt_arr[125]' is not connected to any nets. (LINT-28)
Warning: In design 'MMU', port 'wt_arr[124]' is not connected to any nets. (LINT-28)
Warning: In design 'MMU', port 'wt_arr[123]' is not connected to any nets. (LINT-28)
Warning: In design 'MMU', port 'wt_arr[122]' is not connected to any nets. (LINT-28)
Warning: In design 'MMU', port 'wt_arr[121]' is not connected to any nets. (LINT-28)
Warning: In design 'MMU', port 'wt_arr[120]' is not connected to any nets. (LINT-28)
Warning: In design 'MMU', port 'wt_arr[119]' is not connected to any nets. (LINT-28)
Warning: In design 'MMU', port 'wt_arr[118]' is not connected to any nets. (LINT-28)
Warning: In design 'MMU', port 'wt_arr[117]' is not connected to any nets. (LINT-28)
Warning: In design 'MMU', port 'wt_arr[116]' is not connected to any nets. (LINT-28)
Warning: In design 'MMU', port 'wt_arr[115]' is not connected to any nets. (LINT-28)
Warning: In design 'MMU', port 'wt_arr[114]' is not connected to any nets. (LINT-28)
Warning: In design 'MMU', port 'wt_arr[113]' is not connected to any nets. (LINT-28)
Warning: In design 'MMU', port 'wt_arr[112]' is not connected to any nets. (LINT-28)
Warning: In design 'MMU', port 'wt_arr[111]' is not connected to any nets. (LINT-28)
Warning: In design 'MMU', port 'wt_arr[110]' is not connected to any nets. (LINT-28)
Warning: In design 'MMU', port 'wt_arr[109]' is not connected to any nets. (LINT-28)
Warning: In design 'MMU', port 'wt_arr[108]' is not connected to any nets. (LINT-28)
Warning: In design 'MMU', port 'wt_arr[107]' is not connected to any nets. (LINT-28)
Warning: In design 'MMU', port 'wt_arr[106]' is not connected to any nets. (LINT-28)
Warning: In design 'MMU', port 'wt_arr[105]' is not connected to any nets. (LINT-28)
Warning: In design 'MMU', port 'wt_arr[104]' is not connected to any nets. (LINT-28)
Warning: In design 'MMU', port 'wt_arr[103]' is not connected to any nets. (LINT-28)
Warning: In design 'MMU', port 'wt_arr[102]' is not connected to any nets. (LINT-28)
Warning: In design 'MMU', port 'wt_arr[101]' is not connected to any nets. (LINT-28)
Warning: In design 'MMU', port 'wt_arr[100]' is not connected to any nets. (LINT-28)
Warning: In design 'MMU', port 'wt_arr[99]' is not connected to any nets. (LINT-28)
Warning: In design 'MMU', port 'wt_arr[98]' is not connected to any nets. (LINT-28)
Warning: In design 'MMU', port 'wt_arr[97]' is not connected to any nets. (LINT-28)
Warning: In design 'MMU', port 'wt_arr[96]' is not connected to any nets. (LINT-28)
Warning: In design 'MMU', port 'wt_arr[95]' is not connected to any nets. (LINT-28)
Warning: In design 'MMU', port 'wt_arr[94]' is not connected to any nets. (LINT-28)
Warning: In design 'MMU', port 'wt_arr[93]' is not connected to any nets. (LINT-28)
Warning: In design 'MMU', port 'wt_arr[92]' is not connected to any nets. (LINT-28)
Warning: In design 'MMU', port 'wt_arr[91]' is not connected to any nets. (LINT-28)
Warning: In design 'MMU', port 'wt_arr[90]' is not connected to any nets. (LINT-28)
Warning: In design 'MMU', port 'wt_arr[89]' is not connected to any nets. (LINT-28)
Warning: In design 'MMU', port 'wt_arr[88]' is not connected to any nets. (LINT-28)
Warning: In design 'MMU', port 'wt_arr[87]' is not connected to any nets. (LINT-28)
Warning: In design 'MMU', port 'wt_arr[86]' is not connected to any nets. (LINT-28)
Warning: In design 'MMU', port 'wt_arr[85]' is not connected to any nets. (LINT-28)
Warning: In design 'MMU', port 'wt_arr[84]' is not connected to any nets. (LINT-28)
Warning: In design 'MMU', port 'wt_arr[83]' is not connected to any nets. (LINT-28)
Warning: In design 'MMU', port 'wt_arr[82]' is not connected to any nets. (LINT-28)
Warning: In design 'MMU', port 'wt_arr[81]' is not connected to any nets. (LINT-28)
Warning: In design 'MMU', port 'wt_arr[80]' is not connected to any nets. (LINT-28)
Warning: In design 'MMU', port 'wt_arr[79]' is not connected to any nets. (LINT-28)
Warning: In design 'MMU', port 'wt_arr[78]' is not connected to any nets. (LINT-28)
Warning: In design 'MMU', port 'wt_arr[77]' is not connected to any nets. (LINT-28)
Warning: In design 'MMU', port 'wt_arr[76]' is not connected to any nets. (LINT-28)
Warning: In design 'MMU', port 'wt_arr[75]' is not connected to any nets. (LINT-28)
Warning: In design 'MMU', port 'wt_arr[74]' is not connected to any nets. (LINT-28)
Warning: In design 'MMU', port 'wt_arr[73]' is not connected to any nets. (LINT-28)
Warning: In design 'MMU', port 'wt_arr[72]' is not connected to any nets. (LINT-28)
Warning: In design 'MMU', port 'wt_arr[71]' is not connected to any nets. (LINT-28)
Warning: In design 'MMU', port 'wt_arr[70]' is not connected to any nets. (LINT-28)
Warning: In design 'MMU', port 'wt_arr[69]' is not connected to any nets. (LINT-28)
Warning: In design 'MMU', port 'wt_arr[68]' is not connected to any nets. (LINT-28)
Warning: In design 'MMU', port 'wt_arr[67]' is not connected to any nets. (LINT-28)
Warning: In design 'MMU', port 'wt_arr[66]' is not connected to any nets. (LINT-28)
Warning: In design 'MMU', port 'wt_arr[65]' is not connected to any nets. (LINT-28)
Warning: In design 'MMU', port 'wt_arr[64]' is not connected to any nets. (LINT-28)
Warning: In design 'MMU', port 'wt_arr[63]' is not connected to any nets. (LINT-28)
Warning: In design 'MMU', port 'wt_arr[62]' is not connected to any nets. (LINT-28)
Warning: In design 'MMU', port 'wt_arr[61]' is not connected to any nets. (LINT-28)
Warning: In design 'MMU', port 'wt_arr[60]' is not connected to any nets. (LINT-28)
Warning: In design 'MMU', port 'wt_arr[59]' is not connected to any nets. (LINT-28)
Warning: In design 'MMU', port 'wt_arr[58]' is not connected to any nets. (LINT-28)
Warning: In design 'MMU', port 'wt_arr[57]' is not connected to any nets. (LINT-28)
Warning: In design 'MMU', port 'wt_arr[56]' is not connected to any nets. (LINT-28)
Warning: In design 'MMU', port 'wt_arr[55]' is not connected to any nets. (LINT-28)
Warning: In design 'MMU', port 'wt_arr[54]' is not connected to any nets. (LINT-28)
Warning: In design 'MMU', port 'wt_arr[53]' is not connected to any nets. (LINT-28)
Warning: In design 'MMU', port 'wt_arr[52]' is not connected to any nets. (LINT-28)
Warning: In design 'MMU', port 'wt_arr[51]' is not connected to any nets. (LINT-28)
Warning: In design 'MMU', port 'wt_arr[50]' is not connected to any nets. (LINT-28)
Warning: In design 'MMU', port 'wt_arr[49]' is not connected to any nets. (LINT-28)
Warning: In design 'MMU', port 'wt_arr[48]' is not connected to any nets. (LINT-28)
Warning: In design 'MMU', port 'wt_arr[47]' is not connected to any nets. (LINT-28)
Warning: In design 'MMU', port 'wt_arr[46]' is not connected to any nets. (LINT-28)
Warning: In design 'MMU', port 'wt_arr[45]' is not connected to any nets. (LINT-28)
Warning: In design 'MMU', port 'wt_arr[44]' is not connected to any nets. (LINT-28)
Warning: In design 'MMU', port 'wt_arr[43]' is not connected to any nets. (LINT-28)
Warning: In design 'MMU', port 'wt_arr[42]' is not connected to any nets. (LINT-28)
Warning: In design 'MMU', port 'wt_arr[41]' is not connected to any nets. (LINT-28)
Warning: In design 'MMU', port 'wt_arr[40]' is not connected to any nets. (LINT-28)
Warning: In design 'MMU', port 'wt_arr[39]' is not connected to any nets. (LINT-28)
Warning: In design 'MMU', port 'wt_arr[38]' is not connected to any nets. (LINT-28)
Warning: In design 'MMU', port 'wt_arr[37]' is not connected to any nets. (LINT-28)
Warning: In design 'MMU', port 'wt_arr[36]' is not connected to any nets. (LINT-28)
Warning: In design 'MMU', port 'wt_arr[35]' is not connected to any nets. (LINT-28)
Warning: In design 'MMU', port 'wt_arr[34]' is not connected to any nets. (LINT-28)
Warning: In design 'MMU', port 'wt_arr[33]' is not connected to any nets. (LINT-28)
Warning: In design 'MMU', port 'wt_arr[32]' is not connected to any nets. (LINT-28)
Warning: In design 'MMU', three-state bus 'n_Logic0_' has non three-state driver 'U2/**logic_0**'. (LINT-34)
Warning: In design 'MMU', multiply-driven net 'n_Logic0_' is driven by constant 0. (LINT-54)
1
