 
****************************************
Report : timing
        -path full
        -delay max
        -derate
        -input_pins
        -nets
        -slack_lesser_than 0.0000
        -max_paths 10000
        -transition_time
        -crosstalk_delta
        -capacitance
Design : MMU
Version: Q-2019.12-SP3
Date   : Wed Jun 11 21:40:56 2025
****************************************

 * Some/all delay information is back-annotated.

Operating Conditions: ss0p95vn40c   Library: saed32rvt_ss0p95vn40c
Wire Load Model Mode: Inactive.
No paths.

1
