 
****************************************
Report : timing
        -path full
        -delay max
        -derate
        -input_pins
        -nets
        -slack_lesser_than 0.0000
        -max_paths 10000
        -transition_time
        -crosstalk_delta
        -capacitance
Design : MMU
Version: Q-2019.12-SP3
Date   : Sat Jun  7 10:02:23 2025
****************************************

 # A fanout number of 1000 was used for high fanout net computations.

Operating Conditions: nom_pvt   Library: dw_foundation.sldb
Wire Load Model Mode: top
No paths.

1
