Cadence Genus(TM) Synthesis Solution.
Copyright 2024 Cadence Design Systems, Inc. All rights reserved worldwide.
Cadence and the Cadence logo are registered trademarks and Genus is a trademark
of Cadence Design Systems, Inc. in the United States and other countries.

[10:15:06.350058] Configured Lic search path (23.02-s003): 5280@cadence-lic.cecs.pdx.edu:27000@synopsys-lic.cat.pdx.edu

Version: 23.10-p004_1, built Thu Feb 01 13:43:46 PST 2024
Options: 
Date:    Mon Apr 07 10:15:06 2025
Host:    auto.ece.pdx.edu (x86_64 w/Linux 3.10.0-1160.119.1.el7.x86_64) (1core*32cpus*32physical cpus*Intel Xeon Processor (Cascadelake) 16384KB) (125666820KB)
PID:     10135
OS:      CentOS Linux release 7.9.2009 (Core)

Checking out license: Genus_Synthesis
[10:15:06.007561] Periodic Lic check successful
[10:15:06.531928] Feature usage summary:
[10:15:06.531931] Genus_Synthesis



***********************************************************************************************************
***********************************************************************************************************



Finished executable startup (1 second elapsed).

Loading tool scripts...
Finished loading tool scripts (18 seconds elapsed).

WARNING: This version of the tool is 430 days old.
@genus:root: 1> set top_design NeuronNetworkSystem
NeuronNetworkSystem
@genus:root: 2> source ../scripts/genus.tcl
Sourcing '../scripts/genus.tcl' (Mon Apr 07 10:17:24 PDT 2025)...
#@ Begin verbose source ../scripts/genus.tcl
@file(genus.tcl) 1: history keep 100
@file(genus.tcl) 2: set_db timing_report_fields "delay arrival transition fanout load cell timing_point"
  Setting attribute of root '/': 'timing_report_fields' = delay arrival transition fanout load cell timing_point
@file(genus.tcl) 4: source -echo -verbose ../../$top_design.design_config.tcl
#@ End verbose source ../scripts/genus.tcl
File '../../NeuronNetworkSystem.design_config.tcl' does not exist.
@genus:root: 3> exit

Lic Summary:
[10:18:23.251899] Cdslmd servers: gashapon
[10:18:23.776218] Feature usage summary:
[10:18:23.776219] Genus_Synthesis

Normal exit.